#
# There is insufficient memory for the Java Runtime Environment to continue.
# Native memory allocation (malloc) failed to allocate 606576 bytes for Chunk::new
# Possible reasons:
#   The system is out of physical RAM or swap space
#   The process is running with CompressedOops enabled, and the Java Heap may be blocking the growth of the native heap
# Possible solutions:
#   Reduce memory load on the system
#   Increase physical memory or swap space
#   Check if swap backing store is full
#   Decrease Java heap size (-Xmx/-Xms)
#   Decrease number of Java threads
#   Decrease Java thread stack sizes (-Xss)
#   Set larger code cache with -XX:ReservedCodeCacheSize=
#   JVM is running with Unscaled Compressed Oops mode in which the Java heap is
#     placed in the first 4GB address space. The Java Heap base address is the
#     maximum limit for the native heap growth. Please use -XX:HeapBaseMinAddress
#     to set the Java Heap base and to place the Java Heap above 4GB virtual address.
# This output file may be truncated or incomplete.
#
#  Out of Memory Error (src/hotspot/share/memory/arena.cpp:197), pid=22048, tid=10568
#
# JRE version: OpenJDK Runtime Environment (11.0.15) (build 11.0.15+0-b2043.56-9505619)
# Java VM: OpenJDK 64-Bit Server VM (11.0.15+0-b2043.56-9505619, mixed mode, tiered, compressed oops, g1 gc, windows-amd64)
# No core dump will be written. Minidumps are not enabled by default on client versions of Windows
#

---------------  S U M M A R Y ------------

Command Line: --add-opens=java.base/java.util=ALL-UNNAMED --add-opens=java.base/java.lang=ALL-UNNAMED --add-opens=java.base/java.lang.invoke=ALL-UNNAMED --add-opens=java.base/java.util=ALL-UNNAMED --add-opens=java.prefs/java.util.prefs=ALL-UNNAMED --add-opens=java.prefs/java.util.prefs=ALL-UNNAMED --add-opens=java.base/java.nio.charset=ALL-UNNAMED --add-opens=java.base/java.net=ALL-UNNAMED --add-opens=java.base/java.util.concurrent.atomic=ALL-UNNAMED -Xmx2048m -Dfile.encoding=UTF-8 -Duser.country=US -Duser.language=en -Duser.variant org.gradle.launcher.daemon.bootstrap.GradleDaemon 7.5

Host: Intel(R) Core(TM) i7-8565U CPU @ 1.80GHz, 8 cores, 7G,  Windows 11 , 64 bit Build 22621 (10.0.22621.1635)
Time: Thu May 25 19:49:59 2023 SE Asia Standard Time elapsed time: 473.448661 seconds (0d 0h 7m 53s)

---------------  T H R E A D  ---------------

Current thread (0x0000013aafd8c800):  JavaThread "C2 CompilerThread0" daemon [_thread_in_native, id=10568, stack(0x000000258b600000,0x000000258b700000)]


Current CompileTask:
C2: 473449 15643       4       org.apache.xerces.parsers.XML11Configuration::addRecognizedParamsAndSetDefaults (165 bytes)

Stack: [0x000000258b600000,0x000000258b700000]
Native frames: (J=compiled Java code, j=interpreted, Vv=VM code, C=native code)
V  [jvm.dll+0x64135a]
V  [jvm.dll+0x7d39f9]
V  [jvm.dll+0x7d51b9]
V  [jvm.dll+0x7d58a3]
V  [jvm.dll+0x2691c5]
V  [jvm.dll+0xc1a5c]
V  [jvm.dll+0xc200c]
V  [jvm.dll+0x377462]
V  [jvm.dll+0x342495]
V  [jvm.dll+0x34186a]
V  [jvm.dll+0x2214bd]
V  [jvm.dll+0x220498]
V  [jvm.dll+0x19e851]
V  [jvm.dll+0x230479]
V  [jvm.dll+0x22e5ef]
V  [jvm.dll+0x794de1]
V  [jvm.dll+0x78dc24]
V  [jvm.dll+0x6400f6]
C  [ucrtbase.dll+0x29363]
C  [KERNEL32.DLL+0x126ad]
C  [ntdll.dll+0x5a9f8]


---------------  P R O C E S S  ---------------

Threads class SMR info:
_java_thread_list=0x0000013aba63f700, length=134, elements={
0x0000013a95064800, 0x0000013aaf528800, 0x0000013aaf52a000, 0x0000013aaf51f800,
0x0000013aaf521000, 0x0000013aaf524000, 0x0000013aafd8c800, 0x0000013aafd92000,
0x0000013aafd93000, 0x0000013aafee9800, 0x0000013ab13f5800, 0x0000013ab00eb800,
0x0000013ab1e9d000, 0x0000013ab29bc800, 0x0000013ab29be000, 0x0000013ab29b9800,
0x0000013ab29bb800, 0x0000013ab29bd800, 0x0000013ab29bb000, 0x0000013ab29c0000,
0x0000013ab29bf000, 0x0000013ab29ba000, 0x0000013ab2fcf000, 0x0000013ab2fca000,
0x0000013ab2fd0800, 0x0000013ab2fce800, 0x0000013ab2fcb000, 0x0000013ab2fd2800,
0x0000013ab5c42000, 0x0000013ab5c3c000, 0x0000013ab5c37000, 0x0000013ab5c39800,
0x0000013ab5c38000, 0x0000013ab5c3d000, 0x0000013ab5c39000, 0x0000013ab5c3b800,
0x0000013ab5c3d800, 0x0000013ab5c3e800, 0x0000013ab5c3f800, 0x0000013ab5c40000,
0x0000013ab5c3a800, 0x0000013ab5c44000, 0x0000013ab5c43800, 0x0000013ab5c46000,
0x0000013ab5c45000, 0x0000013ab5c41000, 0x0000013ab67fa000, 0x0000013ab67f9800,
0x0000013ab67fe800, 0x0000013ab67fc000, 0x0000013ab67fc800, 0x0000013ab6801000,
0x0000013ab67fb000, 0x0000013ab6802800, 0x0000013ab6801800, 0x0000013ab6803000,
0x0000013ab6800000, 0x0000013ab67fd800, 0x0000013ab6809000, 0x0000013ab6807800,
0x0000013ab6804000, 0x0000013ab6805000, 0x0000013ab6808000, 0x0000013ab2fd1800,
0x0000013ab2fcd800, 0x0000013ab2fd0000, 0x0000013ab2fcc000, 0x0000013ab2fd7800,
0x0000013ab2fd8000, 0x0000013ab2fd9000, 0x0000013ab2fd3000, 0x0000013ab2fd4000,
0x0000013ab2fd5000, 0x0000013ab2fd5800, 0x0000013ab2fd6800, 0x0000013ab9ca2800,
0x0000013ab9ca1000, 0x0000013ab9ca3800, 0x0000013ab9ca5000, 0x0000013ab9ca6000,
0x0000013ab9ca2000, 0x0000013ab9ca4000, 0x0000013ab9ca0000, 0x0000013ab9cac800,
0x0000013ab9ca9000, 0x0000013ab9ca7800, 0x0000013ab9cab800, 0x0000013ab9ca6800,
0x0000013ab9cae000, 0x0000013ab9ca8800, 0x0000013ab9caa000, 0x0000013ab9cab000,
0x0000013ab9cad000, 0x0000013ab9caf000, 0x0000013ab6d4f800, 0x0000013ab6d4b800,
0x0000013ab6d4a800, 0x0000013ab6d52000, 0x0000013ab6d4d000, 0x0000013ab6d50000,
0x0000013ab6d4d800, 0x0000013ab6d51000, 0x0000013ab6d4c000, 0x0000013ab6d52800,
0x0000013ab6d53800, 0x0000013ab6d54800, 0x0000013ab6d4e800, 0x0000013ab6d55000,
0x0000013ab6d56000, 0x0000013ab6d56800, 0x0000013ab6d57800, 0x0000013ab6d58800,
0x0000013ab6d59000, 0x0000013ab3507000, 0x0000013ab350b000, 0x0000013ab350d800,
0x0000013ab3508000, 0x0000013ab350a800, 0x0000013ab350c000, 0x0000013ab350c800,
0x0000013ab350e800, 0x0000013ab3509800, 0x0000013ab3510000, 0x0000013ab3508800,
0x0000013ab3513000, 0x0000013ab3512800, 0x0000013ab3511000, 0x0000013ab3514000,
0x0000013ab3515000, 0x0000013ab350f000, 0x0000013ab3515800, 0x0000013ab3511800,
0x0000013ab6881800, 0x0000013ab6882000
}

Java Threads: ( => current thread )
  0x0000013a95064800 JavaThread "main" [_thread_blocked, id=15732, stack(0x000000258aa00000,0x000000258ab00000)]
  0x0000013aaf528800 JavaThread "Reference Handler" daemon [_thread_blocked, id=14684, stack(0x000000258b100000,0x000000258b200000)]
  0x0000013aaf52a000 JavaThread "Finalizer" daemon [_thread_blocked, id=1096, stack(0x000000258b200000,0x000000258b300000)]
  0x0000013aaf51f800 JavaThread "Signal Dispatcher" daemon [_thread_blocked, id=17860, stack(0x000000258b300000,0x000000258b400000)]
  0x0000013aaf521000 JavaThread "Attach Listener" daemon [_thread_blocked, id=17080, stack(0x000000258b400000,0x000000258b500000)]
  0x0000013aaf524000 JavaThread "Service Thread" daemon [_thread_blocked, id=6444, stack(0x000000258b500000,0x000000258b600000)]
=>0x0000013aafd8c800 JavaThread "C2 CompilerThread0" daemon [_thread_in_native, id=10568, stack(0x000000258b600000,0x000000258b700000)]
  0x0000013aafd92000 JavaThread "C1 CompilerThread0" daemon [_thread_blocked, id=7784, stack(0x000000258b700000,0x000000258b800000)]
  0x0000013aafd93000 JavaThread "Sweeper thread" daemon [_thread_blocked, id=17520, stack(0x000000258b800000,0x000000258b900000)]
  0x0000013aafee9800 JavaThread "Common-Cleaner" daemon [_thread_blocked, id=2228, stack(0x000000258b900000,0x000000258ba00000)]
  0x0000013ab13f5800 JavaThread "Daemon health stats" [_thread_blocked, id=12236, stack(0x000000258bf00000,0x000000258c000000)]
  0x0000013ab00eb800 JavaThread "Incoming local TCP Connector on port 51795" [_thread_in_native, id=22776, stack(0x000000258bb00000,0x000000258bc00000)]
  0x0000013ab1e9d000 JavaThread "Daemon periodic checks" [_thread_blocked, id=8276, stack(0x000000258be00000,0x000000258bf00000)]
  0x0000013ab29bc800 JavaThread "Cache worker for journal cache (C:\Users\LENOVO\.gradle\caches\journal-1)" [_thread_blocked, id=18872, stack(0x000000258cc00000,0x000000258cd00000)]
  0x0000013ab29be000 JavaThread "File lock request listener" [_thread_in_native, id=17340, stack(0x000000258cd00000,0x000000258ce00000)]
  0x0000013ab29b9800 JavaThread "Cache worker for file hash cache (C:\Users\LENOVO\.gradle\caches\7.5\fileHashes)" [_thread_blocked, id=15764, stack(0x000000258cf00000,0x000000258d000000)]
  0x0000013ab29bb800 JavaThread "File watcher server" daemon [_thread_in_native, id=12696, stack(0x000000258d200000,0x000000258d300000)]
  0x0000013ab29bd800 JavaThread "File watcher consumer" daemon [_thread_blocked, id=16316, stack(0x000000258d300000,0x000000258d400000)]
  0x0000013ab29bb000 JavaThread "jar transforms" [_thread_blocked, id=18124, stack(0x000000258d400000,0x000000258d500000)]
  0x0000013ab29c0000 JavaThread "jar transforms Thread 2" [_thread_blocked, id=12528, stack(0x000000258d500000,0x000000258d600000)]
  0x0000013ab29bf000 JavaThread "jar transforms Thread 3" [_thread_blocked, id=160, stack(0x000000258d600000,0x000000258d700000)]
  0x0000013ab29ba000 JavaThread "jar transforms Thread 4" [_thread_blocked, id=15556, stack(0x000000258d700000,0x000000258d800000)]
  0x0000013ab2fcf000 JavaThread "jar transforms Thread 5" [_thread_blocked, id=22380, stack(0x000000258d800000,0x000000258d900000)]
  0x0000013ab2fca000 JavaThread "jar transforms Thread 6" [_thread_blocked, id=4148, stack(0x000000258d900000,0x000000258da00000)]
  0x0000013ab2fd0800 JavaThread "jar transforms Thread 7" [_thread_blocked, id=18628, stack(0x000000258da00000,0x000000258db00000)]
  0x0000013ab2fce800 JavaThread "jar transforms Thread 8" [_thread_blocked, id=9104, stack(0x000000258db00000,0x000000258dc00000)]
  0x0000013ab2fcb000 JavaThread "Cache worker for file content cache (C:\Users\LENOVO\.gradle\caches\7.5\fileContent)" [_thread_blocked, id=7796, stack(0x000000258de00000,0x000000258df00000)]
  0x0000013ab2fd2800 JavaThread "Cache worker for execution history cache (C:\Users\LENOVO\.gradle\caches\7.5\executionHistory)" [_thread_blocked, id=19416, stack(0x000000258e100000,0x000000258e200000)]
  0x0000013ab5c42000 JavaThread "Memory manager" [_thread_blocked, id=22936, stack(0x0000002593400000,0x0000002593500000)]
  0x0000013ab5c3c000 JavaThread "Daemon Thread 2" [_thread_blocked, id=3436, stack(0x000000258a700000,0x000000258a800000)]
  0x0000013ab5c37000 JavaThread "Handler for socket connection from /127.0.0.1:51795 to /127.0.0.1:52521" [_thread_in_native, id=20784, stack(0x000000258a800000,0x000000258a900000)]
  0x0000013ab5c39800 JavaThread "Cancel handler" [_thread_blocked, id=7420, stack(0x000000258a900000,0x000000258aa00000)]
  0x0000013ab5c38000 JavaThread "Daemon worker Thread 2" [_thread_blocked, id=7640, stack(0x000000258c000000,0x000000258c100000)]
  0x0000013ab5c3d000 JavaThread "Asynchronous log dispatcher for DefaultDaemonConnection: socket connection from /127.0.0.1:51795 to /127.0.0.1:52521" [_thread_blocked, id=18572, stack(0x000000258c100000,0x000000258c200000)]
  0x0000013ab5c39000 JavaThread "Stdin handler" [_thread_blocked, id=20776, stack(0x000000258c200000,0x000000258c300000)]
  0x0000013ab5c3b800 JavaThread "Daemon client event forwarder" [_thread_blocked, id=1504, stack(0x000000258c300000,0x000000258c400000)]
  0x0000013ab5c3d800 JavaThread "Cache worker for checksums cache (C:\Users\LENOVO\AndroidStudioProjects\List_Item (new)\List_Item\.gradle\7.5\checksums)" [_thread_blocked, id=20072, stack(0x000000258c500000,0x000000258c600000)]
  0x0000013ab5c3e800 JavaThread "Cache worker for cache directory md-rule (C:\Users\LENOVO\.gradle\caches\7.5\md-rule)" [_thread_blocked, id=20504, stack(0x000000258c600000,0x000000258c700000)]
  0x0000013ab5c3f800 JavaThread "Cache worker for file hash cache (C:\Users\LENOVO\AndroidStudioProjects\List_Item (new)\List_Item\.gradle\7.5\fileHashes)" [_thread_blocked, id=9112, stack(0x000000258d000000,0x000000258d100000)]
  0x0000013ab5c40000 JavaThread "Cache worker for cache directory md-supplier (C:\Users\LENOVO\.gradle\caches\7.5\md-supplier)" [_thread_blocked, id=14104, stack(0x000000258d100000,0x000000258d200000)]
  0x0000013ab5c3a800 JavaThread "Cache worker for dependencies-accessors (C:\Users\LENOVO\AndroidStudioProjects\List_Item (new)\List_Item\.gradle\7.5\dependencies-accessors)" [_thread_blocked, id=22984, stack(0x000000258c400000,0x000000258c500000)]
  0x0000013ab5c44000 JavaThread "Cache worker for Build Output Cleanup Cache (C:\Users\LENOVO\AndroidStudioProjects\List_Item (new)\List_Item\.gradle\buildOutputCleanup)" [_thread_blocked, id=3488, stack(0x000000258dc00000,0x000000258dd00000)]
  0x0000013ab5c43800 JavaThread "Unconstrained build operations" [_thread_blocked, id=1820, stack(0x000000258dd00000,0x000000258de00000)]
  0x0000013ab5c46000 JavaThread "Unconstrained build operations Thread 2" [_thread_blocked, id=19268, stack(0x000000258e000000,0x000000258e100000)]
  0x0000013ab5c45000 JavaThread "Unconstrained build operations Thread 3" [_thread_blocked, id=23436, stack(0x000000258e200000,0x000000258e300000)]
  0x0000013ab5c41000 JavaThread "Unconstrained build operations Thread 4" [_thread_blocked, id=16320, stack(0x000000258e300000,0x000000258e400000)]
  0x0000013ab67fa000 JavaThread "Unconstrained build operations Thread 5" [_thread_blocked, id=14876, stack(0x000000258e400000,0x000000258e500000)]
  0x0000013ab67f9800 JavaThread "Unconstrained build operations Thread 6" [_thread_blocked, id=18860, stack(0x000000258e500000,0x000000258e600000)]
  0x0000013ab67fe800 JavaThread "Unconstrained build operations Thread 7" [_thread_blocked, id=22064, stack(0x000000258e600000,0x000000258e700000)]
  0x0000013ab67fc000 JavaThread "Unconstrained build operations Thread 8" [_thread_blocked, id=17104, stack(0x000000258e700000,0x000000258e800000)]
  0x0000013ab67fc800 JavaThread "Unconstrained build operations Thread 9" [_thread_blocked, id=5088, stack(0x000000258e800000,0x000000258e900000)]
  0x0000013ab6801000 JavaThread "Unconstrained build operations Thread 10" [_thread_blocked, id=21992, stack(0x000000258e900000,0x000000258ea00000)]
  0x0000013ab67fb000 JavaThread "Unconstrained build operations Thread 11" [_thread_blocked, id=4408, stack(0x000000258ea00000,0x000000258eb00000)]
  0x0000013ab6802800 JavaThread "Unconstrained build operations Thread 12" [_thread_blocked, id=16120, stack(0x000000258eb00000,0x000000258ec00000)]
  0x0000013ab6801800 JavaThread "Unconstrained build operations Thread 13" [_thread_blocked, id=20256, stack(0x000000258ec00000,0x000000258ed00000)]
  0x0000013ab6803000 JavaThread "Unconstrained build operations Thread 14" [_thread_blocked, id=17484, stack(0x000000258ed00000,0x000000258ee00000)]
  0x0000013ab6800000 JavaThread "Unconstrained build operations Thread 15" [_thread_blocked, id=21320, stack(0x000000258ee00000,0x000000258ef00000)]
  0x0000013ab67fd800 JavaThread "Unconstrained build operations Thread 16" [_thread_blocked, id=13896, stack(0x000000258ef00000,0x000000258f000000)]
  0x0000013ab6809000 JavaThread "Unconstrained build operations Thread 17" [_thread_blocked, id=15124, stack(0x000000258f000000,0x000000258f100000)]
  0x0000013ab6807800 JavaThread "Unconstrained build operations Thread 18" [_thread_blocked, id=23220, stack(0x000000258f100000,0x000000258f200000)]
  0x0000013ab6804000 JavaThread "Unconstrained build operations Thread 19" [_thread_blocked, id=4220, stack(0x000000258f200000,0x000000258f300000)]
  0x0000013ab6805000 JavaThread "Unconstrained build operations Thread 20" [_thread_blocked, id=18068, stack(0x000000258f300000,0x000000258f400000)]
  0x0000013ab6808000 JavaThread "Unconstrained build operations Thread 21" [_thread_blocked, id=17544, stack(0x000000258f400000,0x000000258f500000)]
  0x0000013ab2fd1800 JavaThread "Unconstrained build operations Thread 22" [_thread_blocked, id=6200, stack(0x000000258f500000,0x000000258f600000)]
  0x0000013ab2fcd800 JavaThread "Unconstrained build operations Thread 23" [_thread_blocked, id=22724, stack(0x000000258f600000,0x000000258f700000)]
  0x0000013ab2fd0000 JavaThread "Unconstrained build operations Thread 24" [_thread_blocked, id=15240, stack(0x000000258f700000,0x000000258f800000)]
  0x0000013ab2fcc000 JavaThread "Unconstrained build operations Thread 25" [_thread_blocked, id=18900, stack(0x000000258f800000,0x000000258f900000)]
  0x0000013ab2fd7800 JavaThread "Unconstrained build operations Thread 26" [_thread_blocked, id=10088, stack(0x000000258f900000,0x000000258fa00000)]
  0x0000013ab2fd8000 JavaThread "Unconstrained build operations Thread 27" [_thread_blocked, id=14140, stack(0x000000258fa00000,0x000000258fb00000)]
  0x0000013ab2fd9000 JavaThread "Unconstrained build operations Thread 28" [_thread_blocked, id=15072, stack(0x000000258fb00000,0x000000258fc00000)]
  0x0000013ab2fd3000 JavaThread "Unconstrained build operations Thread 29" [_thread_blocked, id=19204, stack(0x000000258fc00000,0x000000258fd00000)]
  0x0000013ab2fd4000 JavaThread "Unconstrained build operations Thread 30" [_thread_blocked, id=18276, stack(0x000000258fd00000,0x000000258fe00000)]
  0x0000013ab2fd5000 JavaThread "Unconstrained build operations Thread 31" [_thread_blocked, id=5916, stack(0x000000258fe00000,0x000000258ff00000)]
  0x0000013ab2fd5800 JavaThread "Unconstrained build operations Thread 32" [_thread_blocked, id=22912, stack(0x000000258ff00000,0x0000002590000000)]
  0x0000013ab2fd6800 JavaThread "Unconstrained build operations Thread 33" [_thread_blocked, id=1084, stack(0x0000002590000000,0x0000002590100000)]
  0x0000013ab9ca2800 JavaThread "Unconstrained build operations Thread 34" [_thread_blocked, id=6544, stack(0x0000002590100000,0x0000002590200000)]
  0x0000013ab9ca1000 JavaThread "Unconstrained build operations Thread 35" [_thread_blocked, id=5392, stack(0x0000002590200000,0x0000002590300000)]
  0x0000013ab9ca3800 JavaThread "Unconstrained build operations Thread 36" [_thread_blocked, id=20712, stack(0x0000002590300000,0x0000002590400000)]
  0x0000013ab9ca5000 JavaThread "Unconstrained build operations Thread 37" [_thread_blocked, id=18092, stack(0x0000002590400000,0x0000002590500000)]
  0x0000013ab9ca6000 JavaThread "Unconstrained build operations Thread 38" [_thread_blocked, id=4556, stack(0x0000002590500000,0x0000002590600000)]
  0x0000013ab9ca2000 JavaThread "Unconstrained build operations Thread 39" [_thread_blocked, id=2384, stack(0x0000002590600000,0x0000002590700000)]
  0x0000013ab9ca4000 JavaThread "Unconstrained build operations Thread 40" [_thread_blocked, id=16900, stack(0x0000002590700000,0x0000002590800000)]
  0x0000013ab9ca0000 JavaThread "Unconstrained build operations Thread 41" [_thread_blocked, id=21288, stack(0x0000002590800000,0x0000002590900000)]
  0x0000013ab9cac800 JavaThread "Unconstrained build operations Thread 42" [_thread_blocked, id=1560, stack(0x0000002590900000,0x0000002590a00000)]
  0x0000013ab9ca9000 JavaThread "Unconstrained build operations Thread 43" [_thread_blocked, id=12188, stack(0x0000002590a00000,0x0000002590b00000)]
  0x0000013ab9ca7800 JavaThread "Unconstrained build operations Thread 44" [_thread_blocked, id=2012, stack(0x0000002590b00000,0x0000002590c00000)]
  0x0000013ab9cab800 JavaThread "Unconstrained build operations Thread 45" [_thread_blocked, id=10944, stack(0x0000002590c00000,0x0000002590d00000)]
  0x0000013ab9ca6800 JavaThread "Unconstrained build operations Thread 46" [_thread_blocked, id=21948, stack(0x0000002590d00000,0x0000002590e00000)]
  0x0000013ab9cae000 JavaThread "Unconstrained build operations Thread 47" [_thread_blocked, id=12832, stack(0x0000002590e00000,0x0000002590f00000)]
  0x0000013ab9ca8800 JavaThread "Unconstrained build operations Thread 48" [_thread_blocked, id=4596, stack(0x0000002590f00000,0x0000002591000000)]
  0x0000013ab9caa000 JavaThread "Unconstrained build operations Thread 49" [_thread_blocked, id=16440, stack(0x0000002591000000,0x0000002591100000)]
  0x0000013ab9cab000 JavaThread "Unconstrained build operations Thread 50" [_thread_blocked, id=3936, stack(0x0000002591100000,0x0000002591200000)]
  0x0000013ab9cad000 JavaThread "Unconstrained build operations Thread 51" [_thread_blocked, id=22900, stack(0x0000002591200000,0x0000002591300000)]
  0x0000013ab9caf000 JavaThread "Unconstrained build operations Thread 52" [_thread_blocked, id=6984, stack(0x0000002591300000,0x0000002591400000)]
  0x0000013ab6d4f800 JavaThread "Unconstrained build operations Thread 53" [_thread_blocked, id=17904, stack(0x0000002591400000,0x0000002591500000)]
  0x0000013ab6d4b800 JavaThread "Unconstrained build operations Thread 54" [_thread_blocked, id=8708, stack(0x0000002591500000,0x0000002591600000)]
  0x0000013ab6d4a800 JavaThread "Unconstrained build operations Thread 55" [_thread_blocked, id=16624, stack(0x0000002591600000,0x0000002591700000)]
  0x0000013ab6d52000 JavaThread "Unconstrained build operations Thread 56" [_thread_blocked, id=22500, stack(0x0000002591700000,0x0000002591800000)]
  0x0000013ab6d4d000 JavaThread "Unconstrained build operations Thread 57" [_thread_blocked, id=14432, stack(0x0000002591800000,0x0000002591900000)]
  0x0000013ab6d50000 JavaThread "Unconstrained build operations Thread 58" [_thread_blocked, id=2032, stack(0x0000002591900000,0x0000002591a00000)]
  0x0000013ab6d4d800 JavaThread "Unconstrained build operations Thread 59" [_thread_blocked, id=2972, stack(0x0000002591a00000,0x0000002591b00000)]
  0x0000013ab6d51000 JavaThread "Unconstrained build operations Thread 60" [_thread_blocked, id=12576, stack(0x0000002591b00000,0x0000002591c00000)]
  0x0000013ab6d4c000 JavaThread "Unconstrained build operations Thread 61" [_thread_blocked, id=20912, stack(0x0000002591c00000,0x0000002591d00000)]
  0x0000013ab6d52800 JavaThread "Unconstrained build operations Thread 62" [_thread_blocked, id=23404, stack(0x0000002591d00000,0x0000002591e00000)]
  0x0000013ab6d53800 JavaThread "Unconstrained build operations Thread 63" [_thread_blocked, id=13824, stack(0x0000002591e00000,0x0000002591f00000)]
  0x0000013ab6d54800 JavaThread "Unconstrained build operations Thread 64" [_thread_blocked, id=6060, stack(0x0000002591f00000,0x0000002592000000)]
  0x0000013ab6d4e800 JavaThread "Unconstrained build operations Thread 65" [_thread_blocked, id=5012, stack(0x0000002592000000,0x0000002592100000)]
  0x0000013ab6d55000 JavaThread "Unconstrained build operations Thread 66" [_thread_blocked, id=20312, stack(0x0000002592100000,0x0000002592200000)]
  0x0000013ab6d56000 JavaThread "Unconstrained build operations Thread 67" [_thread_blocked, id=14936, stack(0x0000002592200000,0x0000002592300000)]
  0x0000013ab6d56800 JavaThread "Unconstrained build operations Thread 68" [_thread_blocked, id=22916, stack(0x0000002592300000,0x0000002592400000)]
  0x0000013ab6d57800 JavaThread "Unconstrained build operations Thread 69" [_thread_blocked, id=15652, stack(0x0000002592400000,0x0000002592500000)]
  0x0000013ab6d58800 JavaThread "Unconstrained build operations Thread 70" [_thread_blocked, id=11724, stack(0x0000002592500000,0x0000002592600000)]
  0x0000013ab6d59000 JavaThread "Unconstrained build operations Thread 71" [_thread_blocked, id=10900, stack(0x0000002592600000,0x0000002592700000)]
  0x0000013ab3507000 JavaThread "Unconstrained build operations Thread 72" [_thread_blocked, id=15112, stack(0x0000002592700000,0x0000002592800000)]
  0x0000013ab350b000 JavaThread "Unconstrained build operations Thread 73" [_thread_blocked, id=6556, stack(0x0000002592800000,0x0000002592900000)]
  0x0000013ab350d800 JavaThread "Unconstrained build operations Thread 74" [_thread_blocked, id=18056, stack(0x0000002592900000,0x0000002592a00000)]
  0x0000013ab3508000 JavaThread "Unconstrained build operations Thread 75" [_thread_blocked, id=18332, stack(0x0000002592a00000,0x0000002592b00000)]
  0x0000013ab350a800 JavaThread "Unconstrained build operations Thread 76" [_thread_blocked, id=4332, stack(0x0000002592b00000,0x0000002592c00000)]
  0x0000013ab350c000 JavaThread "Unconstrained build operations Thread 77" [_thread_blocked, id=13084, stack(0x0000002592c00000,0x0000002592d00000)]
  0x0000013ab350c800 JavaThread "Unconstrained build operations Thread 78" [_thread_blocked, id=17236, stack(0x0000002592d00000,0x0000002592e00000)]
  0x0000013ab350e800 JavaThread "Unconstrained build operations Thread 79" [_thread_blocked, id=12768, stack(0x0000002592e00000,0x0000002592f00000)]
  0x0000013ab3509800 JavaThread "Unconstrained build operations Thread 80" [_thread_blocked, id=792, stack(0x0000002592f00000,0x0000002593000000)]
  0x0000013ab3510000 JavaThread "build event listener" [_thread_blocked, id=16940, stack(0x0000002593000000,0x0000002593100000)]
  0x0000013ab3508800 JavaThread "included builds" [_thread_blocked, id=17052, stack(0x0000002593200000,0x0000002593300000)]
  0x0000013ab3513000 JavaThread "Execution worker" [_thread_blocked, id=15164, stack(0x0000002593300000,0x0000002593400000)]
  0x0000013ab3512800 JavaThread "Execution worker Thread 2" [_thread_blocked, id=22100, stack(0x0000002593500000,0x0000002593600000)]
  0x0000013ab3511000 JavaThread "Execution worker Thread 3" [_thread_blocked, id=11120, stack(0x0000002593600000,0x0000002593700000)]
  0x0000013ab3514000 JavaThread "Execution worker Thread 4" [_thread_blocked, id=21868, stack(0x0000002593700000,0x0000002593800000)]
  0x0000013ab3515000 JavaThread "Execution worker Thread 5" [_thread_blocked, id=4824, stack(0x0000002593800000,0x0000002593900000)]
  0x0000013ab350f000 JavaThread "Execution worker Thread 6" [_thread_blocked, id=16452, stack(0x0000002593900000,0x0000002593a00000)]
  0x0000013ab3515800 JavaThread "Execution worker Thread 7" [_thread_in_native, id=16024, stack(0x0000002593a00000,0x0000002593b00000)]
  0x0000013ab3511800 JavaThread "Cache worker for execution history cache (C:\Users\LENOVO\AndroidStudioProjects\List_Item (new)\List_Item\.gradle\7.5\executionHistory)" [_thread_blocked, id=13468, stack(0x0000002593b00000,0x0000002593c00000)]
  0x0000013ab6881800 JavaThread "WorkerExecutor Queue" [_thread_blocked, id=20208, stack(0x0000002593d00000,0x0000002593e00000)]
  0x0000013ab6882000 JavaThread "WorkerExecutor Queue Thread 2" [_thread_blocked, id=18072, stack(0x0000002593e00000,0x0000002593f00000)]

Other Threads:
  0x0000013aaf515000 VMThread "VM Thread" [stack: 0x000000258b000000,0x000000258b100000] [id=2056]
  0x0000013aaff22800 WatcherThread [stack: 0x000000258ba00000,0x000000258bb00000] [id=7080]
  0x0000013a92f7d800 GCTaskThread "GC Thread#0" [stack: 0x000000258ab00000,0x000000258ac00000] [id=20584]
  0x0000013ab16aa800 GCTaskThread "GC Thread#1" [stack: 0x000000258bc00000,0x000000258bd00000] [id=17532]
  0x0000013ab05e0800 GCTaskThread "GC Thread#2" [stack: 0x000000258bd00000,0x000000258be00000] [id=15024]
  0x0000013ab0a31000 GCTaskThread "GC Thread#3" [stack: 0x000000258c700000,0x000000258c800000] [id=5292]
  0x0000013ab297d000 GCTaskThread "GC Thread#4" [stack: 0x000000258c800000,0x000000258c900000] [id=17988]
  0x0000013ab2922800 GCTaskThread "GC Thread#5" [stack: 0x000000258c900000,0x000000258ca00000] [id=15580]
  0x0000013ab2207800 GCTaskThread "GC Thread#6" [stack: 0x000000258ca00000,0x000000258cb00000] [id=13536]
  0x0000013ab1886000 GCTaskThread "GC Thread#7" [stack: 0x000000258cb00000,0x000000258cc00000] [id=6932]
  0x0000013a950ad800 ConcurrentGCThread "G1 Main Marker" [stack: 0x000000258ac00000,0x000000258ad00000] [id=22824]
  0x0000013a950ae800 ConcurrentGCThread "G1 Conc#0" [stack: 0x000000258ad00000,0x000000258ae00000] [id=16532]
  0x0000013ab0500000 ConcurrentGCThread "G1 Conc#1" [stack: 0x000000258ce00000,0x000000258cf00000] [id=11744]
  0x0000013a9512e800 ConcurrentGCThread "G1 Refine#0" [stack: 0x000000258ae00000,0x000000258af00000] [id=2024]
  0x0000013ab1f3a800 ConcurrentGCThread "G1 Refine#1" [stack: 0x000000258df00000,0x000000258e000000] [id=19676]
  0x0000013aaf366800 ConcurrentGCThread "G1 Young RemSet Sampling" [stack: 0x000000258af00000,0x000000258b000000] [id=19844]

Threads with active compile tasks:
C2 CompilerThread0   473515 15643       4       org.apache.xerces.parsers.XML11Configuration::addRecognizedParamsAndSetDefaults (165 bytes)
C1 CompilerThread0   473515 15663  s    3       org.apache.xerces.jaxp.SAXParserImpl$JAXPSAXParser::setProperty (391 bytes)

VM state:not at safepoint (normal execution)

VM Mutex/Monitor currently owned by a thread: None

Heap address: 0x0000000080000000, size: 2048 MB, Compressed Oops mode: 32-bit
Narrow klass base: 0x0000000000000000, Narrow klass shift: 3
Compressed class space size: 1073741824 Address: 0x0000000100000000

Heap:
 garbage-first heap   total 227328K, used 208168K [0x0000000080000000, 0x0000000100000000)
  region size 1024K, 10 young (10240K), 2 survivors (2048K)
 Metaspace       used 117266K, capacity 120683K, committed 120828K, reserved 1155072K
  class space    used 14872K, capacity 16152K, committed 16204K, reserved 1048576K
Heap Regions: E=young(eden), S=young(survivor), O=old, HS=humongous(starts), HC=humongous(continues), CS=collection set, F=free, A=archive, TAMS=top-at-mark-start (previous, next)
|   0|0x0000000080000000, 0x0000000080100000, 0x0000000080100000|100%| O|  |TAMS 0x0000000080100000, 0x0000000080000000| Untracked 
|   1|0x0000000080100000, 0x0000000080200000, 0x0000000080200000|100%| O|  |TAMS 0x0000000080200000, 0x0000000080100000| Untracked 
|   2|0x0000000080200000, 0x0000000080300000, 0x0000000080300000|100%| O|  |TAMS 0x0000000080300000, 0x0000000080200000| Untracked 
|   3|0x0000000080300000, 0x0000000080400000, 0x0000000080400000|100%|HS|  |TAMS 0x0000000080400000, 0x0000000080300000| Complete 
|   4|0x0000000080400000, 0x0000000080500000, 0x0000000080500000|100%|HC|  |TAMS 0x0000000080500000, 0x0000000080400000| Complete 
|   5|0x0000000080500000, 0x0000000080600000, 0x0000000080600000|100%|HC|  |TAMS 0x0000000080600000, 0x0000000080500000| Complete 
|   6|0x0000000080600000, 0x0000000080700000, 0x0000000080700000|100%| O|  |TAMS 0x0000000080700000, 0x0000000080600000| Untracked 
|   7|0x0000000080700000, 0x0000000080800000, 0x0000000080800000|100%| O|  |TAMS 0x0000000080800000, 0x0000000080700000| Untracked 
|   8|0x0000000080800000, 0x0000000080900000, 0x0000000080900000|100%| O|  |TAMS 0x0000000080900000, 0x0000000080800000| Untracked 
|   9|0x0000000080900000, 0x0000000080a00000, 0x0000000080a00000|100%| O|  |TAMS 0x0000000080a00000, 0x0000000080900000| Untracked 
|  10|0x0000000080a00000, 0x0000000080b00000, 0x0000000080b00000|100%| O|  |TAMS 0x0000000080b00000, 0x0000000080a00000| Untracked 
|  11|0x0000000080b00000, 0x0000000080c00000, 0x0000000080c00000|100%| O|  |TAMS 0x0000000080c00000, 0x0000000080b00000| Untracked 
|  12|0x0000000080c00000, 0x0000000080d00000, 0x0000000080d00000|100%| O|  |TAMS 0x0000000080d00000, 0x0000000080c00000| Untracked 
|  13|0x0000000080d00000, 0x0000000080e00000, 0x0000000080e00000|100%| O|  |TAMS 0x0000000080e00000, 0x0000000080d00000| Untracked 
|  14|0x0000000080e00000, 0x0000000080f00000, 0x0000000080f00000|100%| O|  |TAMS 0x0000000080f00000, 0x0000000080e00000| Untracked 
|  15|0x0000000080f00000, 0x0000000081000000, 0x0000000081000000|100%| O|  |TAMS 0x0000000081000000, 0x0000000080f00000| Untracked 
|  16|0x0000000081000000, 0x0000000081100000, 0x0000000081100000|100%| O|  |TAMS 0x0000000081100000, 0x0000000081000000| Untracked 
|  17|0x0000000081100000, 0x0000000081200000, 0x0000000081200000|100%|HS|  |TAMS 0x0000000081200000, 0x0000000081100000| Complete 
|  18|0x0000000081200000, 0x0000000081300000, 0x0000000081300000|100%|HC|  |TAMS 0x0000000081300000, 0x0000000081200000| Complete 
|  19|0x0000000081300000, 0x0000000081400000, 0x0000000081400000|100%|HS|  |TAMS 0x0000000081400000, 0x0000000081300000| Complete 
|  20|0x0000000081400000, 0x0000000081500000, 0x0000000081500000|100%|HC|  |TAMS 0x0000000081500000, 0x0000000081400000| Complete 
|  21|0x0000000081500000, 0x0000000081600000, 0x0000000081600000|100%|HC|  |TAMS 0x0000000081600000, 0x0000000081500000| Complete 
|  22|0x0000000081600000, 0x0000000081700000, 0x0000000081700000|100%|HS|  |TAMS 0x0000000081700000, 0x0000000081600000| Complete 
|  23|0x0000000081700000, 0x0000000081800000, 0x0000000081800000|100%|HC|  |TAMS 0x0000000081800000, 0x0000000081700000| Complete 
|  24|0x0000000081800000, 0x0000000081900000, 0x0000000081900000|100%|HC|  |TAMS 0x0000000081900000, 0x0000000081800000| Complete 
|  25|0x0000000081900000, 0x0000000081a00000, 0x0000000081a00000|100%|HC|  |TAMS 0x0000000081a00000, 0x0000000081900000| Complete 
|  26|0x0000000081a00000, 0x0000000081b00000, 0x0000000081b00000|100%|HC|  |TAMS 0x0000000081b00000, 0x0000000081a00000| Complete 
|  27|0x0000000081b00000, 0x0000000081c00000, 0x0000000081c00000|100%|HS|  |TAMS 0x0000000081c00000, 0x0000000081b00000| Complete 
|  28|0x0000000081c00000, 0x0000000081d00000, 0x0000000081d00000|100%|HC|  |TAMS 0x0000000081d00000, 0x0000000081c00000| Complete 
|  29|0x0000000081d00000, 0x0000000081e00000, 0x0000000081e00000|100%|HS|  |TAMS 0x0000000081e00000, 0x0000000081d00000| Complete 
|  30|0x0000000081e00000, 0x0000000081f00000, 0x0000000081f00000|100%|HC|  |TAMS 0x0000000081f00000, 0x0000000081e00000| Complete 
|  31|0x0000000081f00000, 0x0000000082000000, 0x0000000082000000|100%|HC|  |TAMS 0x0000000082000000, 0x0000000081f00000| Complete 
|  32|0x0000000082000000, 0x0000000082100000, 0x0000000082100000|100%|HS|  |TAMS 0x0000000082100000, 0x0000000082000000| Complete 
|  33|0x0000000082100000, 0x0000000082200000, 0x0000000082200000|100%|HC|  |TAMS 0x0000000082200000, 0x0000000082100000| Complete 
|  34|0x0000000082200000, 0x0000000082300000, 0x0000000082300000|100%|HC|  |TAMS 0x0000000082300000, 0x0000000082200000| Complete 
|  35|0x0000000082300000, 0x0000000082400000, 0x0000000082400000|100%|HC|  |TAMS 0x0000000082400000, 0x0000000082300000| Complete 
|  36|0x0000000082400000, 0x0000000082500000, 0x0000000082500000|100%|HC|  |TAMS 0x0000000082500000, 0x0000000082400000| Complete 
|  37|0x0000000082500000, 0x0000000082600000, 0x0000000082600000|100%|HC|  |TAMS 0x0000000082600000, 0x0000000082500000| Complete 
|  38|0x0000000082600000, 0x0000000082700000, 0x0000000082700000|100%|HC|  |TAMS 0x0000000082700000, 0x0000000082600000| Complete 
|  39|0x0000000082700000, 0x0000000082800000, 0x0000000082800000|100%|HC|  |TAMS 0x0000000082800000, 0x0000000082700000| Complete 
|  40|0x0000000082800000, 0x0000000082900000, 0x0000000082900000|100%|HC|  |TAMS 0x0000000082900000, 0x0000000082800000| Complete 
|  41|0x0000000082900000, 0x0000000082a00000, 0x0000000082a00000|100%|HC|  |TAMS 0x0000000082a00000, 0x0000000082900000| Complete 
|  42|0x0000000082a00000, 0x0000000082b00000, 0x0000000082b00000|100%|HS|  |TAMS 0x0000000082b00000, 0x0000000082a00000| Complete 
|  43|0x0000000082b00000, 0x0000000082c00000, 0x0000000082c00000|100%|HC|  |TAMS 0x0000000082c00000, 0x0000000082b00000| Complete 
|  44|0x0000000082c00000, 0x0000000082d00000, 0x0000000082d00000|100%| O|  |TAMS 0x0000000082d00000, 0x0000000082c00000| Untracked 
|  45|0x0000000082d00000, 0x0000000082e00000, 0x0000000082e00000|100%| O|  |TAMS 0x0000000082e00000, 0x0000000082d00000| Untracked 
|  46|0x0000000082e00000, 0x0000000082f00000, 0x0000000082f00000|100%| O|  |TAMS 0x0000000082f00000, 0x0000000082e00000| Untracked 
|  47|0x0000000082f00000, 0x0000000083000000, 0x0000000083000000|100%| O|  |TAMS 0x0000000083000000, 0x0000000082f00000| Untracked 
|  48|0x0000000083000000, 0x0000000083100000, 0x0000000083100000|100%| O|  |TAMS 0x0000000083100000, 0x0000000083000000| Untracked 
|  49|0x0000000083100000, 0x0000000083200000, 0x0000000083200000|100%| O|  |TAMS 0x0000000083200000, 0x0000000083100000| Untracked 
|  50|0x0000000083200000, 0x0000000083300000, 0x0000000083300000|100%| O|  |TAMS 0x0000000083300000, 0x0000000083200000| Untracked 
|  51|0x0000000083300000, 0x0000000083400000, 0x0000000083400000|100%| O|  |TAMS 0x0000000083400000, 0x0000000083300000| Untracked 
|  52|0x0000000083400000, 0x0000000083500000, 0x0000000083500000|100%|HS|  |TAMS 0x0000000083500000, 0x0000000083400000| Complete 
|  53|0x0000000083500000, 0x0000000083600000, 0x0000000083600000|100%|HC|  |TAMS 0x0000000083600000, 0x0000000083500000| Complete 
|  54|0x0000000083600000, 0x0000000083700000, 0x0000000083700000|100%| O|  |TAMS 0x0000000083700000, 0x0000000083600000| Untracked 
|  55|0x0000000083700000, 0x0000000083800000, 0x0000000083800000|100%| O|  |TAMS 0x0000000083800000, 0x0000000083700000| Untracked 
|  56|0x0000000083800000, 0x0000000083900000, 0x0000000083900000|100%| O|  |TAMS 0x0000000083900000, 0x0000000083800000| Untracked 
|  57|0x0000000083900000, 0x0000000083a00000, 0x0000000083a00000|100%| O|  |TAMS 0x0000000083a00000, 0x0000000083900000| Untracked 
|  58|0x0000000083a00000, 0x0000000083b00000, 0x0000000083b00000|100%| O|  |TAMS 0x0000000083b00000, 0x0000000083a00000| Untracked 
|  59|0x0000000083b00000, 0x0000000083c00000, 0x0000000083c00000|100%| O|  |TAMS 0x0000000083c00000, 0x0000000083b00000| Untracked 
|  60|0x0000000083c00000, 0x0000000083d00000, 0x0000000083d00000|100%| O|  |TAMS 0x0000000083d00000, 0x0000000083c00000| Untracked 
|  61|0x0000000083d00000, 0x0000000083e00000, 0x0000000083e00000|100%|HS|  |TAMS 0x0000000083e00000, 0x0000000083d00000| Complete 
|  62|0x0000000083e00000, 0x0000000083f00000, 0x0000000083f00000|100%|HC|  |TAMS 0x0000000083f00000, 0x0000000083e00000| Complete 
|  63|0x0000000083f00000, 0x0000000084000000, 0x0000000084000000|100%|HC|  |TAMS 0x0000000084000000, 0x0000000083f00000| Complete 
|  64|0x0000000084000000, 0x0000000084100000, 0x0000000084100000|100%|HC|  |TAMS 0x0000000084100000, 0x0000000084000000| Complete 
|  65|0x0000000084100000, 0x0000000084200000, 0x0000000084200000|100%|HC|  |TAMS 0x0000000084200000, 0x0000000084100000| Complete 
|  66|0x0000000084200000, 0x0000000084300000, 0x0000000084300000|100%|HC|  |TAMS 0x0000000084300000, 0x0000000084200000| Complete 
|  67|0x0000000084300000, 0x0000000084400000, 0x0000000084400000|100%|HC|  |TAMS 0x0000000084400000, 0x0000000084300000| Complete 
|  68|0x0000000084400000, 0x0000000084500000, 0x0000000084500000|100%|HC|  |TAMS 0x0000000084500000, 0x0000000084400000| Complete 
|  69|0x0000000084500000, 0x0000000084600000, 0x0000000084600000|100%|HC|  |TAMS 0x0000000084600000, 0x0000000084500000| Complete 
|  70|0x0000000084600000, 0x0000000084700000, 0x0000000084700000|100%|HC|  |TAMS 0x0000000084700000, 0x0000000084600000| Complete 
|  71|0x0000000084700000, 0x0000000084800000, 0x0000000084800000|100%| O|  |TAMS 0x0000000084800000, 0x0000000084700000| Untracked 
|  72|0x0000000084800000, 0x0000000084900000, 0x0000000084900000|100%|HS|  |TAMS 0x0000000084900000, 0x0000000084800000| Complete 
|  73|0x0000000084900000, 0x0000000084a00000, 0x0000000084a00000|100%|HC|  |TAMS 0x0000000084a00000, 0x0000000084900000| Complete 
|  74|0x0000000084a00000, 0x0000000084b00000, 0x0000000084b00000|100%|HC|  |TAMS 0x0000000084b00000, 0x0000000084a00000| Complete 
|  75|0x0000000084b00000, 0x0000000084c00000, 0x0000000084c00000|100%|HS|  |TAMS 0x0000000084c00000, 0x0000000084b00000| Complete 
|  76|0x0000000084c00000, 0x0000000084d00000, 0x0000000084d00000|100%|HC|  |TAMS 0x0000000084d00000, 0x0000000084c00000| Complete 
|  77|0x0000000084d00000, 0x0000000084e00000, 0x0000000084e00000|100%|HS|  |TAMS 0x0000000084e00000, 0x0000000084d00000| Complete 
|  78|0x0000000084e00000, 0x0000000084f00000, 0x0000000084f00000|100%|HC|  |TAMS 0x0000000084f00000, 0x0000000084e00000| Complete 
|  79|0x0000000084f00000, 0x0000000085000000, 0x0000000085000000|100%|HC|  |TAMS 0x0000000085000000, 0x0000000084f00000| Complete 
|  80|0x0000000085000000, 0x0000000085100000, 0x0000000085100000|100%| O|  |TAMS 0x0000000085100000, 0x0000000085000000| Untracked 
|  81|0x0000000085100000, 0x0000000085200000, 0x0000000085200000|100%| O|  |TAMS 0x0000000085200000, 0x0000000085100000| Untracked 
|  82|0x0000000085200000, 0x0000000085300000, 0x0000000085300000|100%| O|  |TAMS 0x0000000085300000, 0x0000000085200000| Untracked 
|  83|0x0000000085300000, 0x0000000085400000, 0x0000000085400000|100%| O|  |TAMS 0x0000000085400000, 0x0000000085300000| Untracked 
|  84|0x0000000085400000, 0x0000000085500000, 0x0000000085500000|100%|HS|  |TAMS 0x0000000085500000, 0x0000000085400000| Complete 
|  85|0x0000000085500000, 0x0000000085600000, 0x0000000085600000|100%|HC|  |TAMS 0x0000000085600000, 0x0000000085500000| Complete 
|  86|0x0000000085600000, 0x0000000085700000, 0x0000000085700000|100%|HC|  |TAMS 0x0000000085700000, 0x0000000085600000| Complete 
|  87|0x0000000085700000, 0x0000000085800000, 0x0000000085800000|100%|HC|  |TAMS 0x0000000085800000, 0x0000000085700000| Complete 
|  88|0x0000000085800000, 0x0000000085900000, 0x0000000085900000|100%|HC|  |TAMS 0x0000000085900000, 0x0000000085800000| Complete 
|  89|0x0000000085900000, 0x0000000085a00000, 0x0000000085a00000|100%| O|  |TAMS 0x0000000085a00000, 0x0000000085900000| Untracked 
|  90|0x0000000085a00000, 0x0000000085b00000, 0x0000000085b00000|100%| O|  |TAMS 0x0000000085b00000, 0x0000000085a00000| Untracked 
|  91|0x0000000085b00000, 0x0000000085c00000, 0x0000000085c00000|100%| O|  |TAMS 0x0000000085c00000, 0x0000000085b00000| Untracked 
|  92|0x0000000085c00000, 0x0000000085d00000, 0x0000000085d00000|100%| O|  |TAMS 0x0000000085d00000, 0x0000000085c00000| Untracked 
|  93|0x0000000085d00000, 0x0000000085e00000, 0x0000000085e00000|100%| O|  |TAMS 0x0000000085e00000, 0x0000000085d00000| Untracked 
|  94|0x0000000085e00000, 0x0000000085f00000, 0x0000000085f00000|100%| O|  |TAMS 0x0000000085f00000, 0x0000000085e00000| Untracked 
|  95|0x0000000085f00000, 0x0000000086000000, 0x0000000086000000|100%| O|  |TAMS 0x0000000086000000, 0x0000000085f00000| Untracked 
|  96|0x0000000086000000, 0x0000000086100000, 0x0000000086100000|100%|HS|  |TAMS 0x0000000086100000, 0x0000000086000000| Complete 
|  97|0x0000000086100000, 0x0000000086200000, 0x0000000086200000|100%|HS|  |TAMS 0x0000000086200000, 0x0000000086100000| Complete 
|  98|0x0000000086200000, 0x0000000086300000, 0x0000000086300000|100%| O|  |TAMS 0x0000000086300000, 0x0000000086200000| Untracked 
|  99|0x0000000086300000, 0x0000000086400000, 0x0000000086400000|100%| O|  |TAMS 0x0000000086400000, 0x0000000086300000| Untracked 
| 100|0x0000000086400000, 0x0000000086500000, 0x0000000086500000|100%| O|  |TAMS 0x0000000086500000, 0x0000000086400000| Untracked 
| 101|0x0000000086500000, 0x0000000086600000, 0x0000000086600000|100%| O|  |TAMS 0x0000000086600000, 0x0000000086500000| Untracked 
| 102|0x0000000086600000, 0x0000000086700000, 0x0000000086700000|100%| O|  |TAMS 0x0000000086700000, 0x0000000086600000| Untracked 
| 103|0x0000000086700000, 0x0000000086800000, 0x0000000086800000|100%| O|  |TAMS 0x0000000086800000, 0x0000000086700000| Untracked 
| 104|0x0000000086800000, 0x0000000086900000, 0x0000000086900000|100%| O|  |TAMS 0x0000000086900000, 0x0000000086800000| Untracked 
| 105|0x0000000086900000, 0x0000000086a00000, 0x0000000086a00000|100%| O|  |TAMS 0x0000000086a00000, 0x0000000086900000| Untracked 
| 106|0x0000000086a00000, 0x0000000086b00000, 0x0000000086b00000|100%| O|  |TAMS 0x0000000086b00000, 0x0000000086a00000| Untracked 
| 107|0x0000000086b00000, 0x0000000086c00000, 0x0000000086c00000|100%| O|  |TAMS 0x0000000086c00000, 0x0000000086b00000| Untracked 
| 108|0x0000000086c00000, 0x0000000086d00000, 0x0000000086d00000|100%| O|  |TAMS 0x0000000086d00000, 0x0000000086c00000| Untracked 
| 109|0x0000000086d00000, 0x0000000086e00000, 0x0000000086e00000|100%| O|  |TAMS 0x0000000086e00000, 0x0000000086d00000| Untracked 
| 110|0x0000000086e00000, 0x0000000086f00000, 0x0000000086f00000|100%| O|  |TAMS 0x0000000086f00000, 0x0000000086e00000| Untracked 
| 111|0x0000000086f00000, 0x0000000087000000, 0x0000000087000000|100%| O|  |TAMS 0x0000000087000000, 0x0000000086f00000| Untracked 
| 112|0x0000000087000000, 0x0000000087100000, 0x0000000087100000|100%| O|  |TAMS 0x0000000087100000, 0x0000000087000000| Untracked 
| 113|0x0000000087100000, 0x0000000087200000, 0x0000000087200000|100%| O|  |TAMS 0x0000000087200000, 0x0000000087100000| Untracked 
| 114|0x0000000087200000, 0x0000000087300000, 0x0000000087300000|100%| O|  |TAMS 0x0000000087300000, 0x0000000087200000| Untracked 
| 115|0x0000000087300000, 0x0000000087400000, 0x0000000087400000|100%| O|  |TAMS 0x0000000087400000, 0x0000000087300000| Untracked 
| 116|0x0000000087400000, 0x0000000087500000, 0x0000000087500000|100%| O|  |TAMS 0x0000000087500000, 0x0000000087400000| Untracked 
| 117|0x0000000087500000, 0x0000000087600000, 0x0000000087600000|100%| O|  |TAMS 0x0000000087600000, 0x0000000087500000| Untracked 
| 118|0x0000000087600000, 0x0000000087700000, 0x0000000087700000|100%| O|  |TAMS 0x0000000087700000, 0x0000000087600000| Untracked 
| 119|0x0000000087700000, 0x0000000087800000, 0x0000000087800000|100%|HS|  |TAMS 0x0000000087800000, 0x0000000087700000| Complete 
| 120|0x0000000087800000, 0x0000000087900000, 0x0000000087900000|100%|HC|  |TAMS 0x0000000087900000, 0x0000000087800000| Complete 
| 121|0x0000000087900000, 0x0000000087a00000, 0x0000000087a00000|100%|HS|  |TAMS 0x0000000087a00000, 0x0000000087900000| Complete 
| 122|0x0000000087a00000, 0x0000000087b00000, 0x0000000087b00000|100%|HC|  |TAMS 0x0000000087b00000, 0x0000000087a00000| Complete 
| 123|0x0000000087b00000, 0x0000000087c00000, 0x0000000087c00000|100%|HC|  |TAMS 0x0000000087c00000, 0x0000000087b00000| Complete 
| 124|0x0000000087c00000, 0x0000000087d00000, 0x0000000087d00000|100%|HS|  |TAMS 0x0000000087d00000, 0x0000000087c00000| Complete 
| 125|0x0000000087d00000, 0x0000000087e00000, 0x0000000087e00000|100%|HC|  |TAMS 0x0000000087e00000, 0x0000000087d00000| Complete 
| 126|0x0000000087e00000, 0x0000000087f00000, 0x0000000087f00000|100%|HC|  |TAMS 0x0000000087f00000, 0x0000000087e00000| Complete 
| 127|0x0000000087f00000, 0x0000000088000000, 0x0000000088000000|100%|HC|  |TAMS 0x0000000088000000, 0x0000000087f00000| Complete 
| 128|0x0000000088000000, 0x0000000088100000, 0x0000000088100000|100%|HC|  |TAMS 0x0000000088100000, 0x0000000088000000| Complete 
| 129|0x0000000088100000, 0x0000000088200000, 0x0000000088200000|100%|HS|  |TAMS 0x0000000088200000, 0x0000000088100000| Complete 
| 130|0x0000000088200000, 0x0000000088300000, 0x0000000088300000|100%|HC|  |TAMS 0x0000000088300000, 0x0000000088200000| Complete 
| 131|0x0000000088300000, 0x0000000088400000, 0x0000000088400000|100%|HS|  |TAMS 0x0000000088400000, 0x0000000088300000| Complete 
| 132|0x0000000088400000, 0x0000000088500000, 0x0000000088500000|100%|HC|  |TAMS 0x0000000088500000, 0x0000000088400000| Complete 
| 133|0x0000000088500000, 0x0000000088600000, 0x0000000088600000|100%|HC|  |TAMS 0x0000000088600000, 0x0000000088500000| Complete 
| 134|0x0000000088600000, 0x0000000088700000, 0x0000000088700000|100%|HS|  |TAMS 0x0000000088700000, 0x0000000088600000| Complete 
| 135|0x0000000088700000, 0x0000000088800000, 0x0000000088800000|100%|HC|  |TAMS 0x0000000088800000, 0x0000000088700000| Complete 
| 136|0x0000000088800000, 0x0000000088900000, 0x0000000088900000|100%|HC|  |TAMS 0x0000000088900000, 0x0000000088800000| Complete 
| 137|0x0000000088900000, 0x0000000088a00000, 0x0000000088a00000|100%|HC|  |TAMS 0x0000000088a00000, 0x0000000088900000| Complete 
| 138|0x0000000088a00000, 0x0000000088b00000, 0x0000000088b00000|100%|HC|  |TAMS 0x0000000088b00000, 0x0000000088a00000| Complete 
| 139|0x0000000088b00000, 0x0000000088c00000, 0x0000000088c00000|100%|HC|  |TAMS 0x0000000088c00000, 0x0000000088b00000| Complete 
| 140|0x0000000088c00000, 0x0000000088d00000, 0x0000000088d00000|100%|HC|  |TAMS 0x0000000088d00000, 0x0000000088c00000| Complete 
| 141|0x0000000088d00000, 0x0000000088e00000, 0x0000000088e00000|100%|HC|  |TAMS 0x0000000088e00000, 0x0000000088d00000| Complete 
| 142|0x0000000088e00000, 0x0000000088f00000, 0x0000000088f00000|100%|HC|  |TAMS 0x0000000088f00000, 0x0000000088e00000| Complete 
| 143|0x0000000088f00000, 0x0000000089000000, 0x0000000089000000|100%|HC|  |TAMS 0x0000000089000000, 0x0000000088f00000| Complete 
| 144|0x0000000089000000, 0x0000000089100000, 0x0000000089100000|100%|HS|  |TAMS 0x0000000089100000, 0x0000000089000000| Complete 
| 145|0x0000000089100000, 0x0000000089200000, 0x0000000089200000|100%|HC|  |TAMS 0x0000000089200000, 0x0000000089100000| Complete 
| 146|0x0000000089200000, 0x0000000089300000, 0x0000000089300000|100%| O|  |TAMS 0x0000000089300000, 0x0000000089200000| Untracked 
| 147|0x0000000089300000, 0x0000000089400000, 0x0000000089400000|100%| O|  |TAMS 0x0000000089400000, 0x0000000089300000| Untracked 
| 148|0x0000000089400000, 0x0000000089500000, 0x0000000089500000|100%| O|  |TAMS 0x0000000089500000, 0x0000000089400000| Untracked 
| 149|0x0000000089500000, 0x0000000089600000, 0x0000000089600000|100%| O|  |TAMS 0x0000000089600000, 0x0000000089500000| Untracked 
| 150|0x0000000089600000, 0x0000000089700000, 0x0000000089700000|100%| O|  |TAMS 0x0000000089700000, 0x0000000089600000| Untracked 
| 151|0x0000000089700000, 0x0000000089800000, 0x0000000089800000|100%| O|  |TAMS 0x0000000089800000, 0x0000000089700000| Untracked 
| 152|0x0000000089800000, 0x0000000089900000, 0x0000000089900000|100%| O|  |TAMS 0x0000000089900000, 0x0000000089800000| Untracked 
| 153|0x0000000089900000, 0x0000000089a00000, 0x0000000089a00000|100%| O|  |TAMS 0x0000000089a00000, 0x0000000089900000| Untracked 
| 154|0x0000000089a00000, 0x0000000089b00000, 0x0000000089b00000|100%| O|  |TAMS 0x0000000089b00000, 0x0000000089a00000| Untracked 
| 155|0x0000000089b00000, 0x0000000089c00000, 0x0000000089c00000|100%| O|  |TAMS 0x0000000089c00000, 0x0000000089b00000| Untracked 
| 156|0x0000000089c00000, 0x0000000089d00000, 0x0000000089d00000|100%| O|  |TAMS 0x0000000089d00000, 0x0000000089c00000| Untracked 
| 157|0x0000000089d00000, 0x0000000089e00000, 0x0000000089e00000|100%| O|  |TAMS 0x0000000089e00000, 0x0000000089d00000| Untracked 
| 158|0x0000000089e00000, 0x0000000089f00000, 0x0000000089f00000|100%| O|  |TAMS 0x0000000089f00000, 0x0000000089e00000| Untracked 
| 159|0x0000000089f00000, 0x000000008a000000, 0x000000008a000000|100%| O|  |TAMS 0x000000008a000000, 0x0000000089f00000| Untracked 
| 160|0x000000008a000000, 0x000000008a100000, 0x000000008a100000|100%| O|  |TAMS 0x000000008a100000, 0x000000008a000000| Untracked 
| 161|0x000000008a100000, 0x000000008a200000, 0x000000008a200000|100%| O|  |TAMS 0x000000008a200000, 0x000000008a100000| Untracked 
| 162|0x000000008a200000, 0x000000008a300000, 0x000000008a300000|100%| O|  |TAMS 0x000000008a300000, 0x000000008a200000| Untracked 
| 163|0x000000008a300000, 0x000000008a400000, 0x000000008a400000|100%| O|  |TAMS 0x000000008a400000, 0x000000008a300000| Untracked 
| 164|0x000000008a400000, 0x000000008a500000, 0x000000008a500000|100%| O|  |TAMS 0x000000008a500000, 0x000000008a400000| Untracked 
| 165|0x000000008a500000, 0x000000008a600000, 0x000000008a600000|100%| O|  |TAMS 0x000000008a600000, 0x000000008a500000| Untracked 
| 166|0x000000008a600000, 0x000000008a700000, 0x000000008a700000|100%| O|  |TAMS 0x000000008a700000, 0x000000008a600000| Untracked 
| 167|0x000000008a700000, 0x000000008a800000, 0x000000008a800000|100%| O|  |TAMS 0x000000008a800000, 0x000000008a700000| Untracked 
| 168|0x000000008a800000, 0x000000008a900000, 0x000000008a900000|100%| O|  |TAMS 0x000000008a900000, 0x000000008a800000| Untracked 
| 169|0x000000008a900000, 0x000000008aa00000, 0x000000008aa00000|100%| O|  |TAMS 0x000000008aa00000, 0x000000008a900000| Untracked 
| 170|0x000000008aa00000, 0x000000008ab00000, 0x000000008ab00000|100%| O|  |TAMS 0x000000008ab00000, 0x000000008aa00000| Untracked 
| 171|0x000000008ab00000, 0x000000008ac00000, 0x000000008ac00000|100%| O|  |TAMS 0x000000008ac00000, 0x000000008ab00000| Untracked 
| 172|0x000000008ac00000, 0x000000008ad00000, 0x000000008ad00000|100%| O|  |TAMS 0x000000008ad00000, 0x000000008ac00000| Untracked 
| 173|0x000000008ad00000, 0x000000008ae00000, 0x000000008ae00000|100%| O|  |TAMS 0x000000008ae00000, 0x000000008ad00000| Untracked 
| 174|0x000000008ae00000, 0x000000008af00000, 0x000000008af00000|100%| O|  |TAMS 0x000000008af00000, 0x000000008ae00000| Untracked 
| 175|0x000000008af00000, 0x000000008b000000, 0x000000008b000000|100%| O|  |TAMS 0x000000008b000000, 0x000000008af00000| Untracked 
| 176|0x000000008b000000, 0x000000008b100000, 0x000000008b100000|100%| O|  |TAMS 0x000000008b100000, 0x000000008b000000| Untracked 
| 177|0x000000008b100000, 0x000000008b200000, 0x000000008b200000|100%| O|  |TAMS 0x000000008b200000, 0x000000008b100000| Untracked 
| 178|0x000000008b200000, 0x000000008b300000, 0x000000008b300000|100%| O|  |TAMS 0x000000008b300000, 0x000000008b200000| Untracked 
| 179|0x000000008b300000, 0x000000008b400000, 0x000000008b400000|100%| O|  |TAMS 0x000000008b400000, 0x000000008b300000| Untracked 
| 180|0x000000008b400000, 0x000000008b500000, 0x000000008b500000|100%| O|  |TAMS 0x000000008b500000, 0x000000008b400000| Untracked 
| 181|0x000000008b500000, 0x000000008b600000, 0x000000008b600000|100%| O|  |TAMS 0x000000008b600000, 0x000000008b500000| Untracked 
| 182|0x000000008b600000, 0x000000008b700000, 0x000000008b700000|100%| O|  |TAMS 0x000000008b700000, 0x000000008b600000| Untracked 
| 183|0x000000008b700000, 0x000000008b800000, 0x000000008b800000|100%| O|  |TAMS 0x000000008b800000, 0x000000008b700000| Untracked 
| 184|0x000000008b800000, 0x000000008b900000, 0x000000008b900000|100%| O|  |TAMS 0x000000008b900000, 0x000000008b800000| Untracked 
| 185|0x000000008b900000, 0x000000008ba00000, 0x000000008ba00000|100%| O|  |TAMS 0x000000008ba00000, 0x000000008b900000| Untracked 
| 186|0x000000008ba00000, 0x000000008bb00000, 0x000000008bb00000|100%| O|  |TAMS 0x000000008bb00000, 0x000000008ba00000| Untracked 
| 187|0x000000008bb00000, 0x000000008bc00000, 0x000000008bc00000|100%| O|  |TAMS 0x000000008bc00000, 0x000000008bb00000| Untracked 
| 188|0x000000008bc00000, 0x000000008bd00000, 0x000000008bd00000|100%| O|  |TAMS 0x000000008bd00000, 0x000000008bc00000| Untracked 
| 189|0x000000008bd00000, 0x000000008be00000, 0x000000008be00000|100%| O|  |TAMS 0x000000008be00000, 0x000000008bd00000| Untracked 
| 190|0x000000008be00000, 0x000000008bf00000, 0x000000008bf00000|100%| O|  |TAMS 0x000000008bf00000, 0x000000008be00000| Untracked 
| 191|0x000000008bf00000, 0x000000008c000000, 0x000000008c000000|100%| O|  |TAMS 0x000000008c000000, 0x000000008bf00000| Untracked 
| 192|0x000000008c000000, 0x000000008c100000, 0x000000008c100000|100%| O|  |TAMS 0x000000008c100000, 0x000000008c000000| Untracked 
| 193|0x000000008c100000, 0x000000008c200000, 0x000000008c200000|100%| O|  |TAMS 0x000000008c200000, 0x000000008c100000| Untracked 
| 194|0x000000008c200000, 0x000000008c24a000, 0x000000008c300000| 28%| O|  |TAMS 0x000000008c24a000, 0x000000008c200000| Untracked 
| 195|0x000000008c300000, 0x000000008c300000, 0x000000008c400000|  0%| F|  |TAMS 0x000000008c300000, 0x000000008c300000| Untracked 
| 196|0x000000008c400000, 0x000000008c400000, 0x000000008c500000|  0%| F|  |TAMS 0x000000008c400000, 0x000000008c400000| Untracked 
| 197|0x000000008c500000, 0x000000008c500000, 0x000000008c600000|  0%| F|  |TAMS 0x000000008c500000, 0x000000008c500000| Untracked 
| 198|0x000000008c600000, 0x000000008c600000, 0x000000008c700000|  0%| F|  |TAMS 0x000000008c600000, 0x000000008c600000| Untracked 
| 199|0x000000008c700000, 0x000000008c700000, 0x000000008c800000|  0%| F|  |TAMS 0x000000008c700000, 0x000000008c700000| Untracked 
| 200|0x000000008c800000, 0x000000008c800000, 0x000000008c900000|  0%| F|  |TAMS 0x000000008c800000, 0x000000008c800000| Untracked 
| 201|0x000000008c900000, 0x000000008c900000, 0x000000008ca00000|  0%| F|  |TAMS 0x000000008c900000, 0x000000008c900000| Untracked 
| 202|0x000000008ca00000, 0x000000008ca00000, 0x000000008cb00000|  0%| F|  |TAMS 0x000000008ca00000, 0x000000008ca00000| Untracked 
| 203|0x000000008cb00000, 0x000000008cb00000, 0x000000008cc00000|  0%| F|  |TAMS 0x000000008cb00000, 0x000000008cb00000| Untracked 
| 204|0x000000008cc00000, 0x000000008cc00000, 0x000000008cd00000|  0%| F|  |TAMS 0x000000008cc00000, 0x000000008cc00000| Untracked 
| 205|0x000000008cd00000, 0x000000008cd00000, 0x000000008ce00000|  0%| F|  |TAMS 0x000000008cd00000, 0x000000008cd00000| Untracked 
| 206|0x000000008ce00000, 0x000000008ce00000, 0x000000008cf00000|  0%| F|  |TAMS 0x000000008ce00000, 0x000000008ce00000| Untracked 
| 207|0x000000008cf00000, 0x000000008cf00000, 0x000000008d000000|  0%| F|  |TAMS 0x000000008cf00000, 0x000000008cf00000| Untracked 
| 208|0x000000008d000000, 0x000000008d000000, 0x000000008d100000|  0%| F|  |TAMS 0x000000008d000000, 0x000000008d000000| Untracked 
| 209|0x000000008d100000, 0x000000008d100000, 0x000000008d200000|  0%| F|  |TAMS 0x000000008d100000, 0x000000008d100000| Untracked 
| 210|0x000000008d200000, 0x000000008d200000, 0x000000008d300000|  0%| F|  |TAMS 0x000000008d200000, 0x000000008d200000| Untracked 
| 211|0x000000008d300000, 0x000000008d400000, 0x000000008d400000|100%| S|CS|TAMS 0x000000008d300000, 0x000000008d300000| Complete 
| 212|0x000000008d400000, 0x000000008d500000, 0x000000008d500000|100%| S|CS|TAMS 0x000000008d400000, 0x000000008d400000| Complete 
| 213|0x000000008d500000, 0x000000008d500000, 0x000000008d600000|  0%| F|  |TAMS 0x000000008d500000, 0x000000008d500000| Untracked 
| 214|0x000000008d600000, 0x000000008d700000, 0x000000008d700000|100%| E|  |TAMS 0x000000008d600000, 0x000000008d600000| Complete 
| 215|0x000000008d700000, 0x000000008d800000, 0x000000008d800000|100%| E|CS|TAMS 0x000000008d700000, 0x000000008d700000| Complete 
| 216|0x000000008d800000, 0x000000008d900000, 0x000000008d900000|100%| E|CS|TAMS 0x000000008d800000, 0x000000008d800000| Complete 
| 217|0x000000008d900000, 0x000000008da00000, 0x000000008da00000|100%| E|CS|TAMS 0x000000008d900000, 0x000000008d900000| Complete 
| 218|0x000000008da00000, 0x000000008db00000, 0x000000008db00000|100%| E|CS|TAMS 0x000000008da00000, 0x000000008da00000| Complete 
| 219|0x000000008db00000, 0x000000008dc00000, 0x000000008dc00000|100%| E|CS|TAMS 0x000000008db00000, 0x000000008db00000| Complete 
| 220|0x000000008dc00000, 0x000000008dd00000, 0x000000008dd00000|100%| E|CS|TAMS 0x000000008dc00000, 0x000000008dc00000| Complete 
| 221|0x000000008dd00000, 0x000000008de00000, 0x000000008de00000|100%| E|CS|TAMS 0x000000008dd00000, 0x000000008dd00000| Complete 

Card table byte_map: [0x0000013aa82c0000,0x0000013aa86c0000] _byte_map_base: 0x0000013aa7ec0000

Marking Bits (Prev, Next): (CMBitMap*) 0x0000013a950a4db0, (CMBitMap*) 0x0000013a950a4d78
 Prev Bits: [0x0000013aaaac0000, 0x0000013aacac0000)
 Next Bits: [0x0000013aa8ac0000, 0x0000013aaaac0000)

Polling page: 0x0000013a92fe0000

Metaspace:

Usage:
  Non-class:    102.08 MB capacity,    99.99 MB ( 98%) used,     1.71 MB (  2%) free+waste,   383.38 KB ( <1%) overhead. 
      Class:     15.77 MB capacity,    14.52 MB ( 92%) used,     1.08 MB (  7%) free+waste,   173.44 KB (  1%) overhead. 
       Both:    117.85 MB capacity,   114.52 MB ( 97%) used,     2.79 MB (  2%) free+waste,   556.81 KB ( <1%) overhead. 

Virtual space:
  Non-class space:      104.00 MB reserved,     102.17 MB ( 98%) committed 
      Class space:        1.00 GB reserved,      15.82 MB (  2%) committed 
             Both:        1.10 GB reserved,     118.00 MB ( 10%) committed 

Chunk freelists:
   Non-Class:  29.00 KB
       Class:  8.00 KB
        Both:  37.00 KB

MaxMetaspaceSize: 17179869184.00 GB
CompressedClassSpaceSize: 1.00 GB
Initial GC threshold: 20.80 MB
Current GC threshold: 196.66 MB
CDS: off

CodeHeap 'non-profiled nmethods': size=120000Kb used=9887Kb max_used=9887Kb free=110112Kb
 bounds [0x0000013aa0650000, 0x0000013aa1000000, 0x0000013aa7b80000]
CodeHeap 'profiled nmethods': size=120000Kb used=35053Kb max_used=35053Kb free=84946Kb
 bounds [0x0000013a99120000, 0x0000013a9b360000, 0x0000013aa0650000]
CodeHeap 'non-nmethods': size=5760Kb used=2463Kb max_used=2520Kb free=3296Kb
 bounds [0x0000013a98b80000, 0x0000013a98e10000, 0x0000013a99120000]
 total_blobs=16479 nmethods=15476 adapters=914
 compilation: enabled
              stopped_count=0, restarted_count=0
 full_count=0

Compilation events (20 events):
Event: 473.403 Thread 0x0000013aafd92000 15646   !   3       org.apache.xerces.parsers.ObjectFactory::newInstance (128 bytes)
Event: 473.405 Thread 0x0000013aafd92000 nmethod 15646 0x0000013a9b348390 code [0x0000013a9b3486e0, 0x0000013a9b349f38]
Event: 473.405 Thread 0x0000013aafd92000 15647       3       org.apache.xerces.parsers.SecuritySupport$7::run (20 bytes)
Event: 473.405 Thread 0x0000013aafd92000 nmethod 15647 0x0000013a9b34a690 code [0x0000013a9b34a860, 0x0000013a9b34aa28]
Event: 473.405 Thread 0x0000013aafd92000 15648   !   3       org.apache.xerces.parsers.ObjectFactory::findJarServiceProvider (270 bytes)
Event: 473.409 Thread 0x0000013aafd92000 nmethod 15648 0x0000013a9b34ab10 code [0x0000013a9b34b040, 0x0000013a9b34da98]
Event: 473.410 Thread 0x0000013aafd92000 15649       3       org.apache.xerces.parsers.SecuritySupport::getResourceAsStream (16 bytes)
Event: 473.410 Thread 0x0000013aafd92000 nmethod 15649 0x0000013a9b34eb10 code [0x0000013a9b34ece0, 0x0000013a9b34f0a8]
Event: 473.410 Thread 0x0000013aafd92000 15650       3       org.apache.xerces.parsers.SecuritySupport$6::<init> (15 bytes)
Event: 473.410 Thread 0x0000013aafd92000 nmethod 15650 0x0000013a9b34f210 code [0x0000013a9b34f3c0, 0x0000013a9b34f5d8]
Event: 473.410 Thread 0x0000013aafd92000 15651       3       org.apache.xerces.parsers.SecuritySupport$6::run (32 bytes)
Event: 473.411 Thread 0x0000013aafd92000 nmethod 15651 0x0000013a9b34f690 code [0x0000013a9b34f8c0, 0x0000013a9b34ff48]
Event: 473.412 Thread 0x0000013aafd92000 15652       3       org.apache.xerces.impl.XMLScanner::scanPseudoAttribute (363 bytes)
Event: 473.416 Thread 0x0000013aafd92000 nmethod 15652 0x0000013a9b350210 code [0x0000013a9b3506c0, 0x0000013a9b353178]
Event: 473.416 Thread 0x0000013aafd92000 15653       3       org.apache.xerces.impl.XMLScanner::scanPseudoAttributeName (97 bytes)
Event: 473.416 Thread 0x0000013aafd92000 nmethod 15653 0x0000013a9b353e90 code [0x0000013a9b3540a0, 0x0000013a9b354658]
Event: 473.416 Thread 0x0000013aafd92000 15654       3       org.apache.xerces.impl.XMLEntityManager::print (1 bytes)
Event: 473.416 Thread 0x0000013aafd92000 nmethod 15654 0x0000013a99120d90 code [0x0000013a99120f40, 0x0000013a99121018]
Event: 473.438 Thread 0x0000013aafd92000 15658       3       org.apache.xerces.parsers.XIncludeAwareParserConfiguration::<init> (112 bytes)
Event: 473.439 Thread 0x0000013aafd92000 nmethod 15658 0x0000013a9b354790 code [0x0000013a9b354a80, 0x0000013a9b355ed8]

GC Heap History (20 events):
Event: 463.056 GC heap before
{Heap before GC invocations=81 (full 0):
 garbage-first heap   total 227328K, used 203408K [0x0000000080000000, 0x0000000100000000)
  region size 1024K, 11 young (11264K), 2 survivors (2048K)
 Metaspace       used 113664K, capacity 116970K, committed 117116K, reserved 1150976K
  class space    used 14474K, capacity 15703K, committed 15820K, reserved 1048576K
}
Event: 463.068 GC heap after
{Heap after GC invocations=82 (full 0):
 garbage-first heap   total 227328K, used 193541K [0x0000000080000000, 0x0000000100000000)
  region size 1024K, 1 young (1024K), 1 survivors (1024K)
 Metaspace       used 113664K, capacity 116970K, committed 117116K, reserved 1150976K
  class space    used 14474K, capacity 15703K, committed 15820K, reserved 1048576K
}
Event: 464.781 GC heap before
{Heap before GC invocations=82 (full 0):
 garbage-first heap   total 227328K, used 203781K [0x0000000080000000, 0x0000000100000000)
  region size 1024K, 11 young (11264K), 1 survivors (1024K)
 Metaspace       used 114094K, capacity 117468K, committed 117628K, reserved 1150976K
  class space    used 14527K, capacity 15777K, committed 15820K, reserved 1048576K
}
Event: 464.786 GC heap after
{Heap after GC invocations=83 (full 0):
 garbage-first heap   total 227328K, used 193878K [0x0000000080000000, 0x0000000100000000)
  region size 1024K, 1 young (1024K), 1 survivors (1024K)
 Metaspace       used 114094K, capacity 117468K, committed 117628K, reserved 1150976K
  class space    used 14527K, capacity 15777K, committed 15820K, reserved 1048576K
}
Event: 465.240 GC heap before
{Heap before GC invocations=84 (full 0):
 garbage-first heap   total 227328K, used 203094K [0x0000000080000000, 0x0000000100000000)
  region size 1024K, 11 young (11264K), 1 survivors (1024K)
 Metaspace       used 114274K, capacity 117585K, committed 117628K, reserved 1150976K
  class space    used 14552K, capacity 15792K, committed 15820K, reserved 1048576K
}
Event: 465.245 GC heap after
{Heap after GC invocations=85 (full 0):
 garbage-first heap   total 227328K, used 194628K [0x0000000080000000, 0x0000000100000000)
  region size 1024K, 2 young (2048K), 2 survivors (2048K)
 Metaspace       used 114274K, capacity 117585K, committed 117628K, reserved 1150976K
  class space    used 14552K, capacity 15792K, committed 15820K, reserved 1048576K
}
Event: 465.419 GC heap before
{Heap before GC invocations=85 (full 0):
 garbage-first heap   total 227328K, used 202820K [0x0000000080000000, 0x0000000100000000)
  region size 1024K, 11 young (11264K), 2 survivors (2048K)
 Metaspace       used 114459K, capacity 117759K, committed 117884K, reserved 1150976K
  class space    used 14563K, capacity 15798K, committed 15820K, reserved 1048576K
}
Event: 465.430 GC heap after
{Heap after GC invocations=86 (full 0):
 garbage-first heap   total 227328K, used 194575K [0x0000000080000000, 0x0000000100000000)
  region size 1024K, 2 young (2048K), 2 survivors (2048K)
 Metaspace       used 114459K, capacity 117759K, committed 117884K, reserved 1150976K
  class space    used 14563K, capacity 15798K, committed 15820K, reserved 1048576K
}
Event: 465.561 GC heap before
{Heap before GC invocations=86 (full 0):
 garbage-first heap   total 227328K, used 202767K [0x0000000080000000, 0x0000000100000000)
  region size 1024K, 11 young (11264K), 2 survivors (2048K)
 Metaspace       used 114496K, capacity 117769K, committed 117884K, reserved 1150976K
  class space    used 14563K, capacity 15799K, committed 15820K, reserved 1048576K
}
Event: 465.571 GC heap after
{Heap after GC invocations=87 (full 0):
 garbage-first heap   total 227328K, used 195687K [0x0000000080000000, 0x0000000100000000)
  region size 1024K, 2 young (2048K), 2 survivors (2048K)
 Metaspace       used 114496K, capacity 117769K, committed 117884K, reserved 1150976K
  class space    used 14563K, capacity 15799K, committed 15820K, reserved 1048576K
}
Event: 467.446 GC heap before
{Heap before GC invocations=88 (full 0):
 garbage-first heap   total 227328K, used 203879K [0x0000000080000000, 0x0000000100000000)
  region size 1024K, 11 young (11264K), 2 survivors (2048K)
 Metaspace       used 114714K, capacity 118080K, committed 118268K, reserved 1150976K
  class space    used 14598K, capacity 15839K, committed 15948K, reserved 1048576K
}
Event: 467.452 GC heap after
{Heap after GC invocations=89 (full 0):
 garbage-first heap   total 227328K, used 196396K [0x0000000080000000, 0x0000000100000000)
  region size 1024K, 1 young (1024K), 1 survivors (1024K)
 Metaspace       used 114714K, capacity 118080K, committed 118268K, reserved 1150976K
  class space    used 14598K, capacity 15839K, committed 15948K, reserved 1048576K
}
Event: 467.926 GC heap before
{Heap before GC invocations=89 (full 0):
 garbage-first heap   total 227328K, used 205612K [0x0000000080000000, 0x0000000100000000)
  region size 1024K, 11 young (11264K), 1 survivors (1024K)
 Metaspace       used 116130K, capacity 119560K, committed 119676K, reserved 1153024K
  class space    used 14767K, capacity 16034K, committed 16076K, reserved 1048576K
}
Event: 467.934 GC heap after
{Heap after GC invocations=90 (full 0):
 garbage-first heap   total 227328K, used 196263K [0x0000000080000000, 0x0000000100000000)
  region size 1024K, 2 young (2048K), 2 survivors (2048K)
 Metaspace       used 116130K, capacity 119560K, committed 119676K, reserved 1153024K
  class space    used 14767K, capacity 16034K, committed 16076K, reserved 1048576K
}
Event: 469.869 GC heap before
{Heap before GC invocations=90 (full 0):
 garbage-first heap   total 227328K, used 205479K [0x0000000080000000, 0x0000000100000000)
  region size 1024K, 11 young (11264K), 2 survivors (2048K)
 Metaspace       used 117009K, capacity 120490K, committed 120572K, reserved 1153024K
  class space    used 14872K, capacity 16152K, committed 16204K, reserved 1048576K
}
Event: 469.879 GC heap after
{Heap after GC invocations=91 (full 0):
 garbage-first heap   total 227328K, used 196815K [0x0000000080000000, 0x0000000100000000)
  region size 1024K, 1 young (1024K), 1 survivors (1024K)
 Metaspace       used 117009K, capacity 120490K, committed 120572K, reserved 1153024K
  class space    used 14872K, capacity 16152K, committed 16204K, reserved 1048576K
}
Event: 471.853 GC heap before
{Heap before GC invocations=91 (full 0):
 garbage-first heap   total 227328K, used 206031K [0x0000000080000000, 0x0000000100000000)
  region size 1024K, 11 young (11264K), 1 survivors (1024K)
 Metaspace       used 117174K, capacity 120619K, committed 120828K, reserved 1155072K
  class space    used 14872K, capacity 16152K, committed 16204K, reserved 1048576K
}
Event: 471.857 GC heap after
{Heap after GC invocations=92 (full 0):
 garbage-first heap   total 227328K, used 198142K [0x0000000080000000, 0x0000000100000000)
  region size 1024K, 2 young (2048K), 2 survivors (2048K)
 Metaspace       used 117174K, capacity 120619K, committed 120828K, reserved 1155072K
  class space    used 14872K, capacity 16152K, committed 16204K, reserved 1048576K
}
Event: 472.941 GC heap before
{Heap before GC invocations=92 (full 0):
 garbage-first heap   total 227328K, used 206334K [0x0000000080000000, 0x0000000100000000)
  region size 1024K, 11 young (11264K), 2 survivors (2048K)
 Metaspace       used 117235K, capacity 120683K, committed 120828K, reserved 1155072K
  class space    used 14872K, capacity 16152K, committed 16204K, reserved 1048576K
}
Event: 472.979 GC heap after
{Heap after GC invocations=93 (full 0):
 garbage-first heap   total 227328K, used 201000K [0x0000000080000000, 0x0000000100000000)
  region size 1024K, 2 young (2048K), 2 survivors (2048K)
 Metaspace       used 117235K, capacity 120683K, committed 120828K, reserved 1155072K
  class space    used 14872K, capacity 16152K, committed 16204K, reserved 1048576K
}

Deoptimization events (20 events):
Event: 472.077 Thread 0x0000013ab3515800 Uncommon trap: trap_request=0xffffff4d fr.pc=0x0000013aa0fc29fc relative=0x00000000000009dc
Event: 472.077 Thread 0x0000013ab3515800 Uncommon trap: reason=unstable_if action=reinterpret pc=0x0000013aa0fc29fc method=org.apache.xerces.impl.XMLEntityScanner.scanContent(Lorg/apache/xerces/xni/XMLString;)I @ 461 c2
Event: 472.077 Thread 0x0000013ab3515800 DEOPT PACKING pc=0x0000013aa0fc29fc sp=0x0000002593af9b20
Event: 472.077 Thread 0x0000013ab3515800 DEOPT UNPACKING pc=0x0000013a98bca1af sp=0x0000002593af9ab8 mode 2
Event: 472.090 Thread 0x0000013ab3515800 Uncommon trap: trap_request=0xffffff4d fr.pc=0x0000013aa0fbf38c relative=0x0000000000000b6c
Event: 472.090 Thread 0x0000013ab3515800 Uncommon trap: reason=unstable_if action=reinterpret pc=0x0000013aa0fbf38c method=java.lang.StringCoding.decodeUTF8_0([BIIZ)Ljava/lang/StringCoding$Result; @ 240 c2
Event: 472.090 Thread 0x0000013ab3515800 DEOPT PACKING pc=0x0000013aa0fbf38c sp=0x0000002593af9e20
Event: 472.090 Thread 0x0000013ab3515800 DEOPT UNPACKING pc=0x0000013a98bca1af sp=0x0000002593af9dc0 mode 2
Event: 472.090 Thread 0x0000013ab3515800 Uncommon trap: trap_request=0xffffff4d fr.pc=0x0000013aa0fbe0a0 relative=0x00000000000005c0
Event: 472.090 Thread 0x0000013ab3515800 Uncommon trap: reason=unstable_if action=reinterpret pc=0x0000013aa0fbe0a0 method=java.lang.StringCoding.decodeUTF8_0([BIIZ)Ljava/lang/StringCoding$Result; @ 240 c2
Event: 472.090 Thread 0x0000013ab3515800 DEOPT PACKING pc=0x0000013aa0fbe0a0 sp=0x0000002593af9e30
Event: 472.090 Thread 0x0000013ab3515800 DEOPT UNPACKING pc=0x0000013a98bca1af sp=0x0000002593af9dc0 mode 2
Event: 472.123 Thread 0x0000013ab3515800 Uncommon trap: trap_request=0xffffff4d fr.pc=0x0000013aa0fc85ac relative=0x0000000000000d0c
Event: 472.123 Thread 0x0000013ab3515800 Uncommon trap: reason=unstable_if action=reinterpret pc=0x0000013aa0fc85ac method=java.lang.StringCoding.decodeUTF8_0([BIIZ)Ljava/lang/StringCoding$Result; @ 240 c2
Event: 472.123 Thread 0x0000013ab3515800 DEOPT PACKING pc=0x0000013aa0fc85ac sp=0x0000002593af9e20
Event: 472.123 Thread 0x0000013ab3515800 DEOPT UNPACKING pc=0x0000013a98bca1af sp=0x0000002593af9dc0 mode 2
Event: 472.422 Thread 0x0000013ab3515800 DEOPT PACKING pc=0x0000013a9b326e6a sp=0x0000002593af9cf0
Event: 472.422 Thread 0x0000013ab3515800 DEOPT UNPACKING pc=0x0000013a98bca95e sp=0x0000002593af9210 mode 0
Event: 472.590 Thread 0x0000013ab3515800 DEOPT PACKING pc=0x0000013a9b326e6a sp=0x0000002593af9cf0
Event: 472.591 Thread 0x0000013ab3515800 DEOPT UNPACKING pc=0x0000013a98bca95e sp=0x0000002593af9210 mode 0

Classes redefined (0 events):
No events

Internal exceptions (20 events):
Event: 463.008 Thread 0x0000013ab3513000 Implicit null exception at 0x0000013aa09a5677 to 0x0000013aa09a581c
Event: 463.037 Thread 0x0000013ab5c3b800 Exception <a 'java/lang/NoSuchMethodError'{0x000000008d8df3a8}: <clinit>> (0x000000008d8df3a8) thrown at [src/hotspot/share/prims/jni.cpp, line 1367]
Event: 463.046 Thread 0x0000013ab5c3b800 Exception <a 'java/lang/NoSuchMethodError'{0x000000008d6279d8}: <clinit>> (0x000000008d6279d8) thrown at [src/hotspot/share/prims/jni.cpp, line 1367]
Event: 463.068 Thread 0x0000013ab3513000 Exception <a 'java/lang/NoSuchMethodError'{0x000000008dd01f88}: 'int java.lang.invoke.DirectMethodHandle$Holder.invokeSpecial(java.lang.Object, java.lang.Object, java.lang.Object, java.lang.Object, java.lang.Object)'> (0x000000008dd01f88) thrown at [src/hotspot/share/interpreter/linkResolver.cpp, line 773]
Event: 463.069 Thread 0x0000013ab3510000 Exception <a 'java/lang/NoSuchMethodError'{0x000000008dd194f0}: <clinit>> (0x000000008dd194f0) thrown at [src/hotspot/share/prims/jni.cpp, line 1367]
Event: 463.072 Thread 0x0000013ab3510000 Exception <a 'java/lang/NoSuchMethodError'{0x000000008dd28148}: <clinit>> (0x000000008dd28148) thrown at [src/hotspot/share/prims/jni.cpp, line 1367]
Event: 463.075 Thread 0x0000013ab3510000 Exception <a 'java/lang/NoSuchMethodError'{0x000000008dd42130}: <clinit>> (0x000000008dd42130) thrown at [src/hotspot/share/prims/jni.cpp, line 1367]
Event: 464.744 Thread 0x0000013ab3513000 Exception <a 'sun/nio/fs/WindowsException'{0x000000008d5e69c0}> (0x000000008d5e69c0) thrown at [src/hotspot/share/prims/jni.cpp, line 617]
Event: 464.745 Thread 0x0000013ab3513000 Exception <a 'sun/nio/fs/WindowsException'{0x000000008d5e78a0}> (0x000000008d5e78a0) thrown at [src/hotspot/share/prims/jni.cpp, line 617]
Event: 464.779 Thread 0x0000013ab3513000 Exception <a 'java/lang/NoSuchMethodError'{0x000000008d4efc40}: 'java.lang.Object java.lang.invoke.DirectMethodHandle$Holder.invokeStatic(java.lang.Object, java.lang.Object, java.lang.Object, java.lang.Object, java.lang.Object, java.lang.Object, java.lang.Object, java.lang.Object, java.lang.Object, java.lang.Object, java.lang.Object, java.lang.Object, java.lang.Object, java.lang.Object, java.lang.Object, int)'> (0x000000008d4efc40) thrown at [src/hotspot/share/interpreter/linkResolver.cpp, line 773]
Event: 464.824 Thread 0x0000013ab3513000 Exception <a 'java/lang/NoSuchMethodError'{0x000000008dd8ccc0}: <clinit>> (0x000000008dd8ccc0) thrown at [src/hotspot/share/prims/jni.cpp, line 1367]
Event: 464.853 Thread 0x0000013ab350f000 Exception <a 'java/lang/NoSuchMethodError'{0x000000008ddeaea8}: 'void java.lang.invoke.DirectMethodHandle$Holder.invokeInterface(java.lang.Object, java.lang.Object, java.lang.Object, java.lang.Object)'> (0x000000008ddeaea8) thrown at [src/hotspot/share/interpreter/linkResolver.cpp, line 773]
Event: 464.882 Thread 0x0000013ab6881800 Exception <a 'sun/nio/fs/WindowsException'{0x000000008dcac880}> (0x000000008dcac880) thrown at [src/hotspot/share/prims/jni.cpp, line 617]
Event: 465.205 Thread 0x0000013ab6801000 Implicit null exception at 0x0000013aa0f4e304 to 0x0000013aa0f4e474
Event: 465.366 Thread 0x0000013ab350f000 Exception <a 'java/lang/NoSuchMethodError'{0x000000008d6ad750}: <clinit>> (0x000000008d6ad750) thrown at [src/hotspot/share/prims/jni.cpp, line 1367]
Event: 466.005 Thread 0x0000013ab3515800 Exception <a 'sun/nio/fs/WindowsException'{0x000000008dba0ca0}> (0x000000008dba0ca0) thrown at [src/hotspot/share/prims/jni.cpp, line 617]
Event: 466.005 Thread 0x0000013ab3515800 Exception <a 'sun/nio/fs/WindowsException'{0x000000008dba1dd8}> (0x000000008dba1dd8) thrown at [src/hotspot/share/prims/jni.cpp, line 617]
Event: 466.037 Thread 0x0000013ab3515800 Exception <a 'java/lang/NoSuchMethodError'{0x000000008da89ea8}: 'java.lang.Object java.lang.invoke.DirectMethodHandle$Holder.invokeSpecial(java.lang.Object, java.lang.Object, int, int, int, java.lang.Object, java.lang.Object, java.lang.Object, int)'> (0x000000008da89ea8) thrown at [src/hotspot/share/interpreter/linkResolver.cpp, line 773]
Event: 466.038 Thread 0x0000013ab3515800 Exception <a 'java/lang/NoSuchMethodError'{0x000000008da8e1f0}: 'java.lang.Object java.lang.invoke.DelegatingMethodHandle$Holder.reinvoke_L(java.lang.Object, int, int, int, java.lang.Object, java.lang.Object, java.lang.Object, int)'> (0x000000008da8e1f0) thrown at [src/hotspot/share/interpreter/linkResolver.cpp, line 773]
Event: 466.040 Thread 0x0000013ab3515800 Exception <a 'java/lang/NoSuchMethodError'{0x000000008dab2408}: 'java.lang.Object java.lang.invoke.DirectMethodHandle$Holder.invokeStatic(java.lang.Object, java.lang.Object, java.lang.Object, java.lang.Object, java.lang.Object, java.lang.Object, java.lang.Object, int)'> (0x000000008dab2408) thrown at [src/hotspot/share/interpreter/linkResolver.cpp, line 773]

Events (20 events):
Event: 469.094 loading class com/android/resources/NavigationState
Event: 469.094 loading class com/android/resources/NavigationState done
Event: 469.095 loading class com/android/resources/Navigation
Event: 469.095 loading class com/android/resources/Navigation done
Event: 469.868 Executing VM operation: G1CollectForAllocation
Event: 469.879 Executing VM operation: G1CollectForAllocation done
Event: 471.853 Executing VM operation: G1CollectForAllocation
Event: 471.857 Executing VM operation: G1CollectForAllocation done
Event: 472.652 Thread 0x0000013aafd93000 flushing nmethod 0x0000013aa06d2110
Event: 472.708 Thread 0x0000013aafd93000 flushing nmethod 0x0000013a99120010
Event: 472.708 Thread 0x0000013aafd93000 flushing nmethod 0x0000013a99120d90
Event: 472.708 Thread 0x0000013aafd93000 flushing nmethod 0x0000013a99121510
Event: 472.708 Thread 0x0000013aafd93000 flushing nmethod 0x0000013a99124a90
Event: 472.708 Thread 0x0000013aafd93000 flushing nmethod 0x0000013a99132890
Event: 472.941 Executing VM operation: G1CollectForAllocation
Event: 472.979 Executing VM operation: G1CollectForAllocation done
Event: 473.198 Executing VM operation: CGC_Operation
Event: 473.225 Executing VM operation: CGC_Operation done
Event: 473.335 Executing VM operation: CGC_Operation
Event: 473.335 Executing VM operation: CGC_Operation done


Dynamic libraries:
0x00007ff6cd810000 - 0x00007ff6cd81a000 	C:\Program Files\Android\Android Studio\jbr\bin\java.exe
0x00007ffd12af0000 - 0x00007ffd12d04000 	C:\WINDOWS\SYSTEM32\ntdll.dll
0x00007ffd114e0000 - 0x00007ffd115a2000 	C:\WINDOWS\System32\KERNEL32.DLL
0x00007ffd10410000 - 0x00007ffd107b3000 	C:\WINDOWS\System32\KERNELBASE.dll
0x00007ffd0ff10000 - 0x00007ffd10021000 	C:\WINDOWS\System32\ucrtbase.dll
0x00007ffcff7a0000 - 0x00007ffcff7b7000 	C:\Program Files\Android\Android Studio\jbr\bin\jli.dll
0x00007ffcfd820000 - 0x00007ffcfd83b000 	C:\Program Files\Android\Android Studio\jbr\bin\VCRUNTIME140.dll
0x00007ffd10a10000 - 0x00007ffd10bbb000 	C:\WINDOWS\System32\USER32.dll
0x00007ffd10270000 - 0x00007ffd10296000 	C:\WINDOWS\System32\win32u.dll
0x00007ffcf91c0000 - 0x00007ffcf944e000 	C:\WINDOWS\WinSxS\amd64_microsoft.windows.common-controls_6595b64144ccf1df_6.0.22621.1635_none_270f70857386168e\COMCTL32.dll
0x00007ffd11790000 - 0x00007ffd117b9000 	C:\WINDOWS\System32\GDI32.dll
0x00007ffd11330000 - 0x00007ffd113d7000 	C:\WINDOWS\System32\msvcrt.dll
0x00007ffd10150000 - 0x00007ffd10268000 	C:\WINDOWS\System32\gdi32full.dll
0x00007ffd10030000 - 0x00007ffd100ca000 	C:\WINDOWS\System32\msvcp_win.dll
0x00007ffd121f0000 - 0x00007ffd12221000 	C:\WINDOWS\System32\IMM32.DLL
0x00007ffcffde0000 - 0x00007ffcffdec000 	C:\Program Files\Android\Android Studio\jbr\bin\vcruntime140_1.dll
0x00007ffcfd790000 - 0x00007ffcfd81d000 	C:\Program Files\Android\Android Studio\jbr\bin\msvcp140.dll
0x00007ffcca230000 - 0x00007ffccadec000 	C:\Program Files\Android\Android Studio\jbr\bin\server\jvm.dll
0x00007ffd10ce0000 - 0x00007ffd10d8e000 	C:\WINDOWS\System32\ADVAPI32.dll
0x00007ffd12060000 - 0x00007ffd12104000 	C:\WINDOWS\System32\sechost.dll
0x00007ffd10bc0000 - 0x00007ffd10cd7000 	C:\WINDOWS\System32\RPCRT4.dll
0x00007ffd11a20000 - 0x00007ffd11a28000 	C:\WINDOWS\System32\PSAPI.DLL
0x00007ffd0adc0000 - 0x00007ffd0adc9000 	C:\WINDOWS\SYSTEM32\WSOCK32.dll
0x00007ffd08810000 - 0x00007ffd08844000 	C:\WINDOWS\SYSTEM32\WINMM.dll
0x00007ffd12170000 - 0x00007ffd121e1000 	C:\WINDOWS\System32\WS2_32.dll
0x00007ffd08db0000 - 0x00007ffd08dba000 	C:\WINDOWS\SYSTEM32\VERSION.dll
0x00007ffd0f050000 - 0x00007ffd0f068000 	C:\WINDOWS\SYSTEM32\kernel.appcore.dll
0x00007ffd0ad50000 - 0x00007ffd0ad60000 	C:\Program Files\Android\Android Studio\jbr\bin\verify.dll
0x00007ffd0d750000 - 0x00007ffd0d97e000 	C:\WINDOWS\SYSTEM32\DBGHELP.DLL
0x00007ffd10fa0000 - 0x00007ffd11329000 	C:\WINDOWS\System32\combase.dll
0x00007ffd11660000 - 0x00007ffd11737000 	C:\WINDOWS\System32\OLEAUT32.dll
0x00007ffcf8010000 - 0x00007ffcf8042000 	C:\WINDOWS\SYSTEM32\dbgcore.DLL
0x00007ffd100d0000 - 0x00007ffd1014b000 	C:\WINDOWS\System32\bcryptPrimitives.dll
0x00007ffd0a1e0000 - 0x00007ffd0a208000 	C:\Program Files\Android\Android Studio\jbr\bin\java.dll
0x00007ffd0ad40000 - 0x00007ffd0ad4a000 	C:\Program Files\Android\Android Studio\jbr\bin\jimage.dll
0x00007ffd0acf0000 - 0x00007ffd0ad08000 	C:\Program Files\Android\Android Studio\jbr\bin\zip.dll
0x00007ffd12230000 - 0x00007ffd12a2a000 	C:\WINDOWS\System32\SHELL32.dll
0x00007ffd0df20000 - 0x00007ffd0e7ee000 	C:\WINDOWS\SYSTEM32\windows.storage.dll
0x00007ffd0dde0000 - 0x00007ffd0df1e000 	C:\WINDOWS\SYSTEM32\wintypes.dll
0x00007ffd113e0000 - 0x00007ffd114d1000 	C:\WINDOWS\System32\SHCORE.dll
0x00007ffd12110000 - 0x00007ffd1216e000 	C:\WINDOWS\System32\shlwapi.dll
0x00007ffd0fe40000 - 0x00007ffd0fe61000 	C:\WINDOWS\SYSTEM32\profapi.dll
0x00007ffd088a0000 - 0x00007ffd088b9000 	C:\Program Files\Android\Android Studio\jbr\bin\net.dll
0x00007ffd083d0000 - 0x00007ffd08507000 	C:\WINDOWS\SYSTEM32\WINHTTP.dll
0x00007ffd0f4c0000 - 0x00007ffd0f529000 	C:\WINDOWS\system32\mswsock.dll
0x00007ffcff7f0000 - 0x00007ffcff803000 	C:\Program Files\Android\Android Studio\jbr\bin\nio.dll
0x00007ffd09c60000 - 0x00007ffd09c87000 	C:\Users\LENOVO\.gradle\native\e1d6ef7f7dcc3fd88c89a11ec53ec762bb8ba0a96d01ffa2cd45eb1d1d8dd5c5\windows-amd64\native-platform.dll
0x00007ffcd7ef0000 - 0x00007ffcd8034000 	C:\Users\LENOVO\.gradle\native\0d407fdbe67a94daf76414ababcb853783967236a71b16ec16e742cd7a986fd3\windows-amd64\native-platform-file-events.dll
0x00007ffd0ac90000 - 0x00007ffd0ac9a000 	C:\Program Files\Android\Android Studio\jbr\bin\management.dll
0x00007ffd0ac60000 - 0x00007ffd0ac6b000 	C:\Program Files\Android\Android Studio\jbr\bin\management_ext.dll
0x00007ffd0f720000 - 0x00007ffd0f73b000 	C:\WINDOWS\SYSTEM32\CRYPTSP.dll
0x00007ffd0efc0000 - 0x00007ffd0eff5000 	C:\WINDOWS\system32\rsaenh.dll
0x00007ffd0f5c0000 - 0x00007ffd0f5e8000 	C:\WINDOWS\SYSTEM32\USERENV.dll
0x00007ffd0f8c0000 - 0x00007ffd0f8e8000 	C:\WINDOWS\SYSTEM32\bcrypt.dll
0x00007ffd0f740000 - 0x00007ffd0f74c000 	C:\WINDOWS\SYSTEM32\CRYPTBASE.dll
0x00007ffd0eac0000 - 0x00007ffd0eaed000 	C:\WINDOWS\SYSTEM32\IPHLPAPI.DLL
0x00007ffd12050000 - 0x00007ffd12059000 	C:\WINDOWS\System32\NSI.dll
0x00007ffd08750000 - 0x00007ffd08769000 	C:\WINDOWS\SYSTEM32\dhcpcsvc6.DLL
0x00007ffd08730000 - 0x00007ffd0874f000 	C:\WINDOWS\SYSTEM32\dhcpcsvc.DLL
0x00007ffd0eb30000 - 0x00007ffd0ec23000 	C:\WINDOWS\SYSTEM32\DNSAPI.dll
0x00007ffcfd700000 - 0x00007ffcfd727000 	C:\Program Files\Android\Android Studio\jbr\bin\sunec.dll
0x00007ffd09e40000 - 0x00007ffd09e4a000 	C:\Windows\System32\rasadhlp.dll
0x00007ffd06d40000 - 0x00007ffd06dc4000 	C:\WINDOWS\System32\fwpuclnt.dll

dbghelp: loaded successfully - version: 4.0.5 - missing functions: none
symbol engine: initialized successfully - sym options: 0x614 - pdb path: .;C:\Program Files\Android\Android Studio\jbr\bin;C:\WINDOWS\SYSTEM32;C:\WINDOWS\WinSxS\amd64_microsoft.windows.common-controls_6595b64144ccf1df_6.0.22621.1635_none_270f70857386168e;C:\Program Files\Android\Android Studio\jbr\bin\server;C:\Users\LENOVO\.gradle\native\e1d6ef7f7dcc3fd88c89a11ec53ec762bb8ba0a96d01ffa2cd45eb1d1d8dd5c5\windows-amd64;C:\Users\LENOVO\.gradle\native\0d407fdbe67a94daf76414ababcb853783967236a71b16ec16e742cd7a986fd3\windows-amd64

VM Arguments:
jvm_args: --add-opens=java.base/java.util=ALL-UNNAMED --add-opens=java.base/java.lang=ALL-UNNAMED --add-opens=java.base/java.lang.invoke=ALL-UNNAMED --add-opens=java.base/java.util=ALL-UNNAMED --add-opens=java.prefs/java.util.prefs=ALL-UNNAMED --add-opens=java.prefs/java.util.prefs=ALL-UNNAMED --add-opens=java.base/java.nio.charset=ALL-UNNAMED --add-opens=java.base/java.net=ALL-UNNAMED --add-opens=java.base/java.util.concurrent.atomic=ALL-UNNAMED -Xmx2048m -Dfile.encoding=UTF-8 -Duser.country=US -Duser.language=en -Duser.variant 
java_command: org.gradle.launcher.daemon.bootstrap.GradleDaemon 7.5
java_class_path (initial): C:\Users\LENOVO\.gradle\wrapper\dists\gradle-7.5-bin\f1w0cc9nuo0eivz97x2xlu9sv\gradle-7.5\lib\gradle-launcher-7.5.jar
Launcher Type: SUN_STANDARD

[Global flags]
     intx CICompilerCount                          = 4                                         {product} {ergonomic}
     uint ConcGCThreads                            = 2                                         {product} {ergonomic}
     uint G1ConcRefinementThreads                  = 8                                         {product} {ergonomic}
   size_t G1HeapRegionSize                         = 1048576                                   {product} {ergonomic}
    uintx GCDrainStackTargetSize                   = 64                                        {product} {ergonomic}
   size_t InitialHeapSize                          = 134217728                                 {product} {ergonomic}
   size_t MarkStackSize                            = 4194304                                   {product} {ergonomic}
   size_t MaxHeapSize                              = 2147483648                                {product} {command line}
   size_t MaxNewSize                               = 1287651328                                {product} {ergonomic}
   size_t MinHeapDeltaBytes                        = 1048576                                   {product} {ergonomic}
    uintx NonNMethodCodeHeapSize                   = 5836300                                {pd product} {ergonomic}
    uintx NonProfiledCodeHeapSize                  = 122910970                              {pd product} {ergonomic}
    uintx ProfiledCodeHeapSize                     = 122910970                              {pd product} {ergonomic}
    uintx ReservedCodeCacheSize                    = 251658240                              {pd product} {ergonomic}
     bool SegmentedCodeCache                       = true                                      {product} {ergonomic}
     bool UseCompressedClassPointers               = true                                 {lp64_product} {ergonomic}
     bool UseCompressedOops                        = true                                 {lp64_product} {ergonomic}
     bool UseG1GC                                  = true                                      {product} {ergonomic}
     bool UseLargePagesIndividualAllocation        = false                                  {pd product} {ergonomic}

Logging:
Log output configuration:
 #0: stdout all=warning uptime,level,tags
 #1: stderr all=off uptime,level,tags

Environment Variables:
JAVA_HOME=C:\Program Files\Java\jdk-19
PATH=C:\Program Files\Microsoft MPI\Bin\;C:\Program Files\Common Files\Oracle\Java\javapath;C:\Program Files\Microsoft\jdk-11.0.12.7-hotspot\bin;C:\Windows\system32;C:\Windows;C:\Windows\System32\Wbem;C:\Windows\System32\WindowsPowerShell\v1.0\;C:\Windows\System32\OpenSSH\;C:\Program Files (x86)\NVIDIA Corporation\PhysX\Common;C:\Program Files\NVIDIA Corporation\NVIDIA NvDLISR;C:\WINDOWS\system32;C:\WINDOWS;C:\WINDOWS\System32\Wbem;C:\WINDOWS\System32\WindowsPowerShell\v1.0\;C:\WINDOWS\System32\OpenSSH\;C:\Program Files\Microsoft\Web Platform Installer\;C:\Program Files (x86)\Microsoft ASP.NET\ASP.NET Web Pages\v1.0\;C:\Program Files\Microsoft SQL Server\110\Tools\Binn\;C:\Program Files\dotnet\;C:\Program Files\Microsoft SQL Server\Client SDK\ODBC\170\Tools\Binn\;C:\Program Files (x86)\Microsoft SQL Server\150\Tools\Binn\;C:\Program Files\Microsoft SQL Server\150\Tools\Binn\;C:\Program Files\Microsoft SQL Server\150\DTS\Binn\;C:\Program Files\Azure Data Studio\bin;C:\Program Files\Java\jdk-19\bin;C:\Program Files\Cloudflare\Cloudflare WARP\;C:\Program Files (x86)\Rational\common;C:\Program Files (x86)\Microsoft SQL Server\160\DTS\Binn\;C:\Program Files (x86)\Microsoft SQL Server\160\Tools\Binn\;C:\Program Files\Microsoft SQL Server\160\Tools\Binn\;C:\Program Files\Microsoft SQL Server\160\DTS\Binn\;C:\Users\LENOVO\AppData\Local\Microsoft\WindowsApps;C:\Users\LENOVO\.dotnet\tools;;C:\Program Files\Azure Data Studio\bin;C:\Users\LENOVO\AppData\Local\Programs\Microsoft VS Code\bin
USERNAME=LENOVO
OS=Windows_NT
PROCESSOR_IDENTIFIER=Intel64 Family 6 Model 142 Stepping 12, GenuineIntel



---------------  S Y S T E M  ---------------

OS: Windows 11 , 64 bit Build 22621 (10.0.22621.1635)
OS uptime: 3 days 6:50 hours

CPU:total 8 (initial active 8) (4 cores per cpu, 2 threads per core) family 6 model 142 stepping 12 microcode 0xea, cmov, cx8, fxsr, mmx, sse, sse2, sse3, ssse3, sse4.1, sse4.2, popcnt, avx, avx2, aes, clmul, erms, 3dnowpref, lzcnt, ht, tsc, tscinvbit, bmi1, bmi2, adx, fma

Memory: 4k page, system-wide physical 8072M (133M free)
TotalPageFile size 32648M (AvailPageFile size 0M)
current process WorkingSet (physical memory assigned to process): 272M, peak: 543M
current process commit charge ("private bytes"): 566M, peak: 582M

vm_info: OpenJDK 64-Bit Server VM (11.0.15+0-b2043.56-9505619) for windows-amd64 JRE (11.0.15+0-b2043.56-9505619), built on Jan 19 2023 02:48:00 by "builduser" with unknown MS VC++:1929

END.
